<?xml version="1.0" encoding="UTF-8"?>
<testsuite xmlns:xsi="http://www.w3.org/2001/XMLSchema-instance" xsi:noNamespaceSchemaLocation="https://maven.apache.org/surefire/maven-surefire-plugin/xsd/surefire-test-report-3.0.xsd" version="3.0" name="com.novel.service.DataVerificationTest" time="26.31" tests="5" errors="0" skipped="0" failures="0">
  <properties>
[...]
</properties>
  <testcase name="testBookCount" classname="com.novel.service.DataVerificationTest" time="0.427">
    <system-out><![CDATA[10:57:27.335 [main] INFO org.springframework.test.context.support.AnnotationConfigContextLoaderUtils -- Could not detect default configuration classes for test class [com.novel.service.DataVerificationTest]: DataVerificationTest does not declare any static, non-private, non-final, nested classes annotated with @Configuration.
10:57:27.392 [main] INFO org.springframework.boot.test.context.SpringBootTestContextBootstrapper -- Found @SpringBootConfiguration com.novel.NovelApplication for test class com.novel.service.DataVerificationTest

  .   ____          _            __ _ _
 /\\ / ___'_ __ _ _(_)_ __  __ _ \ \ \ \
( ( )\___ | '_ | '_| | '_ \/ _` | \ \ \ \
 \\/  ___)| |_)| | | | | || (_| |  ) ) ) )
  '  |____| .__|_| |_|_| |_\__, | / / / /
 =========|_|==============|___/=/_/_/_/
 :: Spring Boot ::                (v3.1.0)

2026-05-08T10:57:27.586+08:00  INFO 10664 --- [           main] com.novel.service.DataVerificationTest   : Starting DataVerificationTest using Java 25.0.2 with PID 10664 (started by liko in /Users/liko/code/java-code/novel_management 2)
2026-05-08T10:57:27.586+08:00 DEBUG 10664 --- [           main] com.novel.service.DataVerificationTest   : Running with Spring Boot v3.1.0, Spring v6.0.9
2026-05-08T10:57:27.586+08:00  INFO 10664 --- [           main] com.novel.service.DataVerificationTest   : No active profile set, falling back to 1 default profile: "default"
Logging initialized using 'class org.apache.ibatis.logging.stdout.StdOutImpl' adapter.
Registered plugin: 'com.baomidou.mybatisplus.extension.plugins.MybatisPlusInterceptor@5cf8676a'
Property 'mapperLocations' was not specified.
 _ _   |_  _ _|_. ___ _ |    _ 
| | |\/|_)(_| | |_\  |_)||_|_\ 
     /               |         
                        3.5.3.1 
2026-05-08T10:57:28.264+08:00  INFO 10664 --- [           main] com.novel.config.CategoryNameUpdater     : === 开始更新分类名称 ===
Creating a new SqlSession
SqlSession [org.apache.ibatis.session.defaults.DefaultSqlSession@401c4250] was not registered for synchronization because synchronization is not active
2026-05-08T10:57:28.290+08:00  INFO 10664 --- [           main] com.zaxxer.hikari.HikariDataSource       : HikariPool-1 - Starting...
2026-05-08T10:57:28.773+08:00  INFO 10664 --- [           main] com.zaxxer.hikari.pool.HikariPool        : HikariPool-1 - Added connection com.mysql.cj.jdbc.ConnectionImpl@11e9ac24
2026-05-08T10:57:28.774+08:00  INFO 10664 --- [           main] com.zaxxer.hikari.HikariDataSource       : HikariPool-1 - Start completed.
JDBC Connection [HikariProxyConnection@1831423452 wrapping com.mysql.cj.jdbc.ConnectionImpl@11e9ac24] will not be managed by Spring
==>  Preparing: SELECT id,name,work_direction,sort,create_time FROM category
==> Parameters: 
<==    Columns: id, name, work_direction, sort, create_time
<==        Row: 1, 奇幻文学, 0, 1, 2026-03-30 09:08:46
<==        Row: 2, 武侠经典, 0, 2, 2026-03-30 09:08:46
<==        Row: 3, 都市文学, 0, 3, 2026-03-30 09:08:46
<==        Row: 4, 科幻文学, 0, 4, 2026-03-30 09:08:46
<==        Row: 5, 历史文学, 0, 5, 2026-03-30 09:08:46
<==        Row: 6, 古典文学, 1, 1, 2026-03-30 09:08:46
<==        Row: 7, 现代文学, 1, 2, 2026-03-30 09:08:46
<==        Row: 8, 幻想文学, 1, 3, 2026-03-30 09:08:46
<==      Total: 8
Closing non transactional SqlSession [org.apache.ibatis.session.defaults.DefaultSqlSession@401c4250]
2026-05-08T10:57:28.876+08:00  INFO 10664 --- [           main] com.novel.config.CategoryNameUpdater     : === 分类名称更新完成，共更新 0 个分类 ===
2026-05-08T10:57:28.920+08:00  INFO 10664 --- [           main] c.novel.config.ChapterDataInitializer    : === 开始检查并生成章节数据 ===
Creating a new SqlSession
SqlSession [org.apache.ibatis.session.defaults.DefaultSqlSession@cf01c2e] was not registered for synchronization because synchronization is not active
2026-05-08T10:57:28.922+08:00  WARN 10664 --- [           main] c.b.m.c.t.support.ReflectLambdaMeta      : Unable to make field private final java.lang.Class java.lang.invoke.SerializedLambda.capturingClass accessible: module java.base does not "opens java.lang.invoke" to unnamed module @3cb1ffe6
JDBC Connection [HikariProxyConnection@1701378456 wrapping com.mysql.cj.jdbc.ConnectionImpl@11e9ac24] will not be managed by Spring
==>  Preparing: SELECT id,book_name,category_id,author_id,author_name,cover,description,publication_date,total_words,rating,status,visit_count,favorite_count,last_chapter_id,last_chapter_name,create_time,update_time FROM book WHERE (status = ?)
==> Parameters: 0(Integer)
<==    Columns: id, book_name, category_id, author_id, author_name, cover, description, publication_date, total_words, rating, status, visit_count, favorite_count, last_chapter_id, last_chapter_name, create_time, update_time
<==        Row: 4, 冰与火之歌, 1, 22, 乔治·R·R·马丁, null, <<BLOB>>, 1996-08-06, 2980000, 9.3, 0, 6800000, 1500000, 1452, 第八章 结局, 2026-03-30 09:37:15, 2026-05-04 10:57:37
<==      Total: 1
Closing non transactional SqlSession [org.apache.ibatis.session.defaults.DefaultSqlSession@cf01c2e]
2026-05-08T10:57:28.977+08:00  INFO 10664 --- [           main] c.novel.config.ChapterDataInitializer    : 共找到 1 本连载中的书籍
Creating a new SqlSession
SqlSession [org.apache.ibatis.session.defaults.DefaultSqlSession@3111631d] was not registered for synchronization because synchronization is not active
JDBC Connection [HikariProxyConnection@762376978 wrapping com.mysql.cj.jdbc.ConnectionImpl@11e9ac24] will not be managed by Spring
==>  Preparing: SELECT COUNT( * ) AS total FROM chapter WHERE (book_id = ?)
==> Parameters: 4(Long)
<==    Columns: total
<==        Row: 8
<==      Total: 1
Closing non transactional SqlSession [org.apache.ibatis.session.defaults.DefaultSqlSession@3111631d]
2026-05-08T10:57:29.023+08:00  INFO 10664 --- [           main] c.novel.config.ChapterDataInitializer    : 书籍 [冰与火之歌] 已有 8 章，跳过
2026-05-08T10:57:29.024+08:00  INFO 10664 --- [           main] c.novel.config.ChapterDataInitializer    : === 章节数据检查和生成完成 ===
2026-05-08T10:57:29.028+08:00  INFO 10664 --- [           main] c.novel.config.ClassicBookSupplementer   : === 开始补充世界名著数据 ===
Creating a new SqlSession
SqlSession [org.apache.ibatis.session.defaults.DefaultSqlSession@2aa5bd48] was not registered for synchronization because synchronization is not active
JDBC Connection [HikariProxyConnection@2096860824 wrapping com.mysql.cj.jdbc.ConnectionImpl@11e9ac24] will not be managed by Spring
==>  Preparing: SELECT id,book_name,category_id,author_id,author_name,cover,description,publication_date,total_words,rating,status,visit_count,favorite_count,last_chapter_id,last_chapter_name,create_time,update_time FROM book
==> Parameters: 
<==    Columns: id, book_name, category_id, author_id, author_name, cover, description, publication_date, total_words, rating, status, visit_count, favorite_count, last_chapter_id, last_chapter_name, create_time, update_time
<==        Row: 1, 指环王, 1, 3, J.R.R.托尔金, null, <<BLOB>>, 1954-07-29, 450000, 9.2, 1, 5000000, 1200000, 1432, 第七章 高潮, 2026-03-30 09:08:49, 2026-03-30 09:08:49
<==        Row: 2, 哈利波特与魔法石, 1, 3, J.K.罗琳, null, <<BLOB>>, 1997-06-26, 76000, 9.0, 1, 4500000, 980000, 1438, 第六章 抉择, 2026-03-30 09:08:49, 2026-03-30 09:08:49
<==        Row: 3, 纳尼亚传奇, 1, 21, C.S.刘易斯, null, <<BLOB>>, 1950-10-16, 350000, 8.8, 1, 3200000, 750000, 1444, 第六章 抉择, 2026-03-30 09:37:15, 2026-05-04 10:54:59
<==        Row: 4, 冰与火之歌, 1, 22, 乔治·R·R·马丁, null, <<BLOB>>, 1996-08-06, 2980000, 9.3, 0, 6800000, 1500000, 1452, 第八章 结局, 2026-03-30 09:37:15, 2026-05-04 10:57:37
<==        Row: 5, 西游记, 2, 23, 吴承恩, null, <<BLOB>>, 1592-01-01, 860000, 9.5, 1, 8000000, 2000000, 1458, 第六章 抉择, 2026-03-30 09:37:15, 2026-03-30 09:37:15
<==        Row: 6, 三国演义, 2, 24, 罗贯中, null, <<BLOB>>, 1494-01-01, 730000, 9.4, 1, 7500000, 1800000, 1466, 第八章 结局, 2026-03-30 09:37:15, 2026-05-08 01:57:43
<==        Row: 7, 水浒传, 2, 25, 施耐庵, null, <<BLOB>>, 1419-01-01, 960000, 9.3, 1, 6800000, 1600000, 1472, 第六章 抉择, 2026-03-30 09:37:15, 2026-05-08 01:48:54
<==        Row: 8, 射雕英雄传, 2, 21, 金庸, null, <<BLOB>>, 1957-01-01, 600000, 9.2, 1, 5200000, 1100000, 1477, 第五章 真相, 2026-03-30 09:37:15, 2026-05-04 13:24:16
<==        Row: 9, 红楼梦, 6, 22, 曹雪芹, null, <<BLOB>>, 1791-01-01, 730000, 9.6, 1, 9000000, 2500000, 1483, 第六章 抉择, 2026-03-30 09:37:15, 2026-03-30 09:37:15
<==        Row: 10, 傲慢与偏见, 7, 23, 简·奥斯汀, null, <<BLOB>>, 1813-01-28, 130000, 8.9, 1, 3500000, 890000, 1491, 第八章 结局, 2026-03-30 09:37:15, 2026-03-30 09:37:15
<==        Row: 11, 飘, 7, 24, 玛格丽特·米切尔, null, <<BLOB>>, 1936-06-30, 418000, 9.1, 1, 4200000, 950000, 1497, 第六章 抉择, 2026-03-30 09:37:15, 2026-03-30 09:37:15
<==        Row: 12, 乱世佳人, 7, 25, 玛格丽特·米切尔, null, <<BLOB>>, 1936-06-30, 418000, 9.0, 1, 3800000, 820000, 1504, 第七章 高潮, 2026-03-30 09:37:15, 2026-03-30 09:37:15
<==        Row: 13, 1984, 4, 21, 乔治·奥威尔, null, <<BLOB>>, 1949-06-08, 120000, 9.4, 1, 5800000, 1300000, 1510, 第六章 抉择, 2026-03-30 09:37:15, 2026-05-08 01:28:37
<==        Row: 14, 海底两万里, 4, 22, 儒勒·凡尔纳, null, <<BLOB>>, 1870-01-01, 190000, 8.7, 1, 3600000, 780000, 1516, 第六章 抉择, 2026-03-30 09:37:15, 2026-03-30 09:37:15
<==        Row: 15, 三体, 4, 23, 刘慈欣, null, <<BLOB>>, 2008-01-01, 360000, 9.5, 1, 7200000, 1800000, 1524, 第八章 结局, 2026-03-30 09:37:15, 2026-03-30 09:37:15
<==        Row: 16, 时间机器, 4, 24, H.G.威尔斯, null, <<BLOB>>, 1895-01-01, 52000, 8.5, 1, 2800000, 620000, 1531, 第七章 高潮, 2026-03-30 09:37:15, 2026-05-04 10:57:48
<==        Row: 17, 战争与和平, 5, 25, 列夫·托尔斯泰, null, <<BLOB>>, 1869-01-01, 587000, 9.3, 1, 4500000, 1100000, 1539, 第八章 结局, 2026-03-30 09:37:15, 2026-03-30 09:37:15
<==        Row: 18, 史记, 5, 21, 司马迁, null, <<BLOB>>, 0091-01-01, 526500, 9.7, 1, 3200000, 950000, 1547, 第八章 结局, 2026-03-30 09:37:15, 2026-05-04 10:54:56
<==        Row: 19, 资治通鉴, 5, 22, 司马光, null, <<BLOB>>, 1084-01-01, 3000000, 9.5, 1, 2800000, 780000, 1552, 第五章 真相, 2026-03-30 09:37:15, 2026-03-30 09:37:15
<==        Row: 20, 钢铁是怎样炼成的, 5, 23, 尼古拉·奥斯特洛夫斯基, null, <<BLOB>>, 1933-01-01, 300000, 8.8, 1, 3900000, 860000, 1560, 第八章 结局, 2026-03-30 09:37:15, 2026-03-30 09:37:15
<==        Row: 21, 呼啸山庄, 6, 24, 艾米莉·勃朗特, null, <<BLOB>>, 1847-12-14, 140000, 8.9, 1, 2600000, 650000, 1565, 第五章 真相, 2026-03-30 09:37:15, 2026-03-30 09:37:15
<==        Row: 22, 茶花女, 6, 25, 亚历山大·小仲马, null, <<BLOB>>, 1848-01-01, 90000, 8.6, 1, 3100000, 720000, 1573, 第八章 结局, 2026-03-30 09:37:15, 2026-03-30 09:37:15
<==        Row: 23, 悲惨世界, 3, 3, 维克多·雨果, null, <<BLOB>>, 1862-01-01, 650000, 9.4, 1, 5100000, 1200000, 1580, 第七章 高潮, 2026-05-08 10:21:55, 2026-05-08 02:21:56
<==        Row: 24, 巴黎圣母院, 3, 3, 维克多·雨果, null, <<BLOB>>, 1831-01-16, 300000, 9.0, 1, 4200000, 980000, 1588, 第八章 结局, 2026-05-08 10:21:55, 2026-05-08 02:21:56
<==        Row: 25, 鲁宾逊漂流记, 8, 3, 丹尼尔·笛福, null, <<BLOB>>, 1719-04-25, 120000, 8.7, 1, 3200000, 760000, 1206, 第五章 一线生机, 2026-05-08 10:54:34, 2026-05-08 02:54:35
<==        Row: 26, 格列佛游记, 3, 3, 乔纳森·斯威夫特, null, <<BLOB>>, 1726-01-28, 102000, 8.6, 1, 2800000, 680000, 1213, 第七章 艰难抉择, 2026-05-08 10:54:35, 2026-05-08 02:54:35
<==        Row: 27, 汤姆·索亚历险记, 6, 3, 马克·吐温, null, <<BLOB>>, 1876-04-21, 75000, 8.5, 1, 2500000, 620000, 1221, 第八章 光明再现, 2026-05-08 10:54:36, 2026-05-08 02:54:36
<==        Row: 28, 金银岛, 7, 3, 罗伯特·路易斯·史蒂文森, null, <<BLOB>>, 1883-11-14, 90000, 8.4, 1, 2300000, 580000, 1226, 第五章 一线生机, 2026-05-08 10:54:37, 2026-05-08 02:54:37
<==        Row: 29, 爱的教育, 1, 3, 埃迪蒙托·德·亚米契斯, null, <<BLOB>>, 1886-10-18, 85000, 8.8, 1, 2100000, 520000, 1233, 第七章 艰难抉择, 2026-05-08 10:54:37, 2026-05-08 02:54:38
<==        Row: 30, 童年, 2, 3, 马克西姆·高尔基, null, <<BLOB>>, 1913-01-01, 140000, 8.9, 1, 2800000, 650000, 1239, 第六章 真相浮现, 2026-05-08 10:54:39, 2026-05-08 02:54:39
<==        Row: 31, 在人间, 4, 3, 马克西姆·高尔基, null, <<BLOB>>, 1916-01-01, 135000, 8.8, 1, 2400000, 590000, 1245, 第六章 真相浮现, 2026-05-08 10:54:40, 2026-05-08 02:54:40
<==        Row: 32, 我的大学, 5, 3, 马克西姆·高尔基, null, <<BLOB>>, 1923-01-01, 125000, 8.7, 1, 2200000, 540000, 1253, 第八章 光明再现, 2026-05-08 10:54:41, 2026-05-08 02:54:41
<==        Row: 33, 雾都孤儿, 8, 3, 查尔斯·狄更斯, null, <<BLOB>>, 1838-02-19, 160000, 8.8, 1, 3100000, 730000, 1261, 第八章 光明再现, 2026-05-08 10:54:42, 2026-05-08 02:54:43
<==        Row: 34, 大卫·科波菲尔, 3, 3, 查尔斯·狄更斯, null, <<BLOB>>, 1850-05-01, 340000, 9.0, 1, 3500000, 820000, 1267, 第六章 真相浮现, 2026-05-08 10:54:43, 2026-05-08 02:54:44
<==      Total: 34
Closing non transactional SqlSession [org.apache.ibatis.session.defaults.DefaultSqlSession@2aa5bd48]
2026-05-08T10:57:29.081+08:00  INFO 10664 --- [           main] c.novel.config.ClassicBookSupplementer   : 当前数据库中有 34 本书籍
2026-05-08T10:57:29.081+08:00  INFO 10664 --- [           main] c.novel.config.ClassicBookSupplementer   : 书籍数量已达到33本，无需补充
2026-05-08T10:57:29.086+08:00  INFO 10664 --- [           main] c.novel.config.WorldClassicInitializer   : === 开始更新书籍数据为世界名著 ===
Creating a new SqlSession
SqlSession [org.apache.ibatis.session.defaults.DefaultSqlSession@3030836d] was not registered for synchronization because synchronization is not active
JDBC Connection [HikariProxyConnection@1794607688 wrapping com.mysql.cj.jdbc.ConnectionImpl@11e9ac24] will not be managed by Spring
==>  Preparing: SELECT id,book_name,category_id,author_id,author_name,cover,description,publication_date,total_words,rating,status,visit_count,favorite_count,last_chapter_id,last_chapter_name,create_time,update_time FROM book
==> Parameters: 
<==    Columns: id, book_name, category_id, author_id, author_name, cover, description, publication_date, total_words, rating, status, visit_count, favorite_count, last_chapter_id, last_chapter_name, create_time, update_time
<==        Row: 1, 指环王, 1, 3, J.R.R.托尔金, null, <<BLOB>>, 1954-07-29, 450000, 9.2, 1, 5000000, 1200000, 1432, 第七章 高潮, 2026-03-30 09:08:49, 2026-03-30 09:08:49
<==        Row: 2, 哈利波特与魔法石, 1, 3, J.K.罗琳, null, <<BLOB>>, 1997-06-26, 76000, 9.0, 1, 4500000, 980000, 1438, 第六章 抉择, 2026-03-30 09:08:49, 2026-03-30 09:08:49
<==        Row: 3, 纳尼亚传奇, 1, 21, C.S.刘易斯, null, <<BLOB>>, 1950-10-16, 350000, 8.8, 1, 3200000, 750000, 1444, 第六章 抉择, 2026-03-30 09:37:15, 2026-05-04 10:54:59
<==        Row: 4, 冰与火之歌, 1, 22, 乔治·R·R·马丁, null, <<BLOB>>, 1996-08-06, 2980000, 9.3, 0, 6800000, 1500000, 1452, 第八章 结局, 2026-03-30 09:37:15, 2026-05-04 10:57:37
<==        Row: 5, 西游记, 2, 23, 吴承恩, null, <<BLOB>>, 1592-01-01, 860000, 9.5, 1, 8000000, 2000000, 1458, 第六章 抉择, 2026-03-30 09:37:15, 2026-03-30 09:37:15
<==        Row: 6, 三国演义, 2, 24, 罗贯中, null, <<BLOB>>, 1494-01-01, 730000, 9.4, 1, 7500000, 1800000, 1466, 第八章 结局, 2026-03-30 09:37:15, 2026-05-08 01:57:43
<==        Row: 7, 水浒传, 2, 25, 施耐庵, null, <<BLOB>>, 1419-01-01, 960000, 9.3, 1, 6800000, 1600000, 1472, 第六章 抉择, 2026-03-30 09:37:15, 2026-05-08 01:48:54
<==        Row: 8, 射雕英雄传, 2, 21, 金庸, null, <<BLOB>>, 1957-01-01, 600000, 9.2, 1, 5200000, 1100000, 1477, 第五章 真相, 2026-03-30 09:37:15, 2026-05-04 13:24:16
<==        Row: 9, 红楼梦, 6, 22, 曹雪芹, null, <<BLOB>>, 1791-01-01, 730000, 9.6, 1, 9000000, 2500000, 1483, 第六章 抉择, 2026-03-30 09:37:15, 2026-03-30 09:37:15
<==        Row: 10, 傲慢与偏见, 7, 23, 简·奥斯汀, null, <<BLOB>>, 1813-01-28, 130000, 8.9, 1, 3500000, 890000, 1491, 第八章 结局, 2026-03-30 09:37:15, 2026-03-30 09:37:15
<==        Row: 11, 飘, 7, 24, 玛格丽特·米切尔, null, <<BLOB>>, 1936-06-30, 418000, 9.1, 1, 4200000, 950000, 1497, 第六章 抉择, 2026-03-30 09:37:15, 2026-03-30 09:37:15
<==        Row: 12, 乱世佳人, 7, 25, 玛格丽特·米切尔, null, <<BLOB>>, 1936-06-30, 418000, 9.0, 1, 3800000, 820000, 1504, 第七章 高潮, 2026-03-30 09:37:15, 2026-03-30 09:37:15
<==        Row: 13, 1984, 4, 21, 乔治·奥威尔, null, <<BLOB>>, 1949-06-08, 120000, 9.4, 1, 5800000, 1300000, 1510, 第六章 抉择, 2026-03-30 09:37:15, 2026-05-08 01:28:37
<==        Row: 14, 海底两万里, 4, 22, 儒勒·凡尔纳, null, <<BLOB>>, 1870-01-01, 190000, 8.7, 1, 3600000, 780000, 1516, 第六章 抉择, 2026-03-30 09:37:15, 2026-03-30 09:37:15
<==        Row: 15, 三体, 4, 23, 刘慈欣, null, <<BLOB>>, 2008-01-01, 360000, 9.5, 1, 7200000, 1800000, 1524, 第八章 结局, 2026-03-30 09:37:15, 2026-03-30 09:37:15
<==        Row: 16, 时间机器, 4, 24, H.G.威尔斯, null, <<BLOB>>, 1895-01-01, 52000, 8.5, 1, 2800000, 620000, 1531, 第七章 高潮, 2026-03-30 09:37:15, 2026-05-04 10:57:48
<==        Row: 17, 战争与和平, 5, 25, 列夫·托尔斯泰, null, <<BLOB>>, 1869-01-01, 587000, 9.3, 1, 4500000, 1100000, 1539, 第八章 结局, 2026-03-30 09:37:15, 2026-03-30 09:37:15
<==        Row: 18, 史记, 5, 21, 司马迁, null, <<BLOB>>, 0091-01-01, 526500, 9.7, 1, 3200000, 950000, 1547, 第八章 结局, 2026-03-30 09:37:15, 2026-05-04 10:54:56
<==        Row: 19, 资治通鉴, 5, 22, 司马光, null, <<BLOB>>, 1084-01-01, 3000000, 9.5, 1, 2800000, 780000, 1552, 第五章 真相, 2026-03-30 09:37:15, 2026-03-30 09:37:15
<==        Row: 20, 钢铁是怎样炼成的, 5, 23, 尼古拉·奥斯特洛夫斯基, null, <<BLOB>>, 1933-01-01, 300000, 8.8, 1, 3900000, 860000, 1560, 第八章 结局, 2026-03-30 09:37:15, 2026-03-30 09:37:15
<==        Row: 21, 呼啸山庄, 6, 24, 艾米莉·勃朗特, null, <<BLOB>>, 1847-12-14, 140000, 8.9, 1, 2600000, 650000, 1565, 第五章 真相, 2026-03-30 09:37:15, 2026-03-30 09:37:15
<==        Row: 22, 茶花女, 6, 25, 亚历山大·小仲马, null, <<BLOB>>, 1848-01-01, 90000, 8.6, 1, 3100000, 720000, 1573, 第八章 结局, 2026-03-30 09:37:15, 2026-03-30 09:37:15
<==        Row: 23, 悲惨世界, 3, 3, 维克多·雨果, null, <<BLOB>>, 1862-01-01, 650000, 9.4, 1, 5100000, 1200000, 1580, 第七章 高潮, 2026-05-08 10:21:55, 2026-05-08 02:21:56
<==        Row: 24, 巴黎圣母院, 3, 3, 维克多·雨果, null, <<BLOB>>, 1831-01-16, 300000, 9.0, 1, 4200000, 980000, 1588, 第八章 结局, 2026-05-08 10:21:55, 2026-05-08 02:21:56
<==        Row: 25, 鲁宾逊漂流记, 8, 3, 丹尼尔·笛福, null, <<BLOB>>, 1719-04-25, 120000, 8.7, 1, 3200000, 760000, 1206, 第五章 一线生机, 2026-05-08 10:54:34, 2026-05-08 02:54:35
<==        Row: 26, 格列佛游记, 3, 3, 乔纳森·斯威夫特, null, <<BLOB>>, 1726-01-28, 102000, 8.6, 1, 2800000, 680000, 1213, 第七章 艰难抉择, 2026-05-08 10:54:35, 2026-05-08 02:54:35
<==        Row: 27, 汤姆·索亚历险记, 6, 3, 马克·吐温, null, <<BLOB>>, 1876-04-21, 75000, 8.5, 1, 2500000, 620000, 1221, 第八章 光明再现, 2026-05-08 10:54:36, 2026-05-08 02:54:36
<==        Row: 28, 金银岛, 7, 3, 罗伯特·路易斯·史蒂文森, null, <<BLOB>>, 1883-11-14, 90000, 8.4, 1, 2300000, 580000, 1226, 第五章 一线生机, 2026-05-08 10:54:37, 2026-05-08 02:54:37
<==        Row: 29, 爱的教育, 1, 3, 埃迪蒙托·德·亚米契斯, null, <<BLOB>>, 1886-10-18, 85000, 8.8, 1, 2100000, 520000, 1233, 第七章 艰难抉择, 2026-05-08 10:54:37, 2026-05-08 02:54:38
<==        Row: 30, 童年, 2, 3, 马克西姆·高尔基, null, <<BLOB>>, 1913-01-01, 140000, 8.9, 1, 2800000, 650000, 1239, 第六章 真相浮现, 2026-05-08 10:54:39, 2026-05-08 02:54:39
<==        Row: 31, 在人间, 4, 3, 马克西姆·高尔基, null, <<BLOB>>, 1916-01-01, 135000, 8.8, 1, 2400000, 590000, 1245, 第六章 真相浮现, 2026-05-08 10:54:40, 2026-05-08 02:54:40
<==        Row: 32, 我的大学, 5, 3, 马克西姆·高尔基, null, <<BLOB>>, 1923-01-01, 125000, 8.7, 1, 2200000, 540000, 1253, 第八章 光明再现, 2026-05-08 10:54:41, 2026-05-08 02:54:41
<==        Row: 33, 雾都孤儿, 8, 3, 查尔斯·狄更斯, null, <<BLOB>>, 1838-02-19, 160000, 8.8, 1, 3100000, 730000, 1261, 第八章 光明再现, 2026-05-08 10:54:42, 2026-05-08 02:54:43
<==        Row: 34, 大卫·科波菲尔, 3, 3, 查尔斯·狄更斯, null, <<BLOB>>, 1850-05-01, 340000, 9.0, 1, 3500000, 820000, 1267, 第六章 真相浮现, 2026-05-08 10:54:43, 2026-05-08 02:54:44
<==      Total: 34
Closing non transactional SqlSession [org.apache.ibatis.session.defaults.DefaultSqlSession@3030836d]
2026-05-08T10:57:29.142+08:00  INFO 10664 --- [           main] c.novel.config.WorldClassicInitializer   : 当前数据库中有 34 本书籍
Creating a new SqlSession
SqlSession [org.apache.ibatis.session.defaults.DefaultSqlSession@2ec85a25] was not registered for synchronization because synchronization is not active
JDBC Connection [HikariProxyConnection@1276604401 wrapping com.mysql.cj.jdbc.ConnectionImpl@11e9ac24] will not be managed by Spring
==>  Preparing: SELECT COUNT( * ) AS total FROM chapter
==> Parameters: 
<==    Columns: total
<==        Row: 163
<==      Total: 1
Closing non transactional SqlSession [org.apache.ibatis.session.defaults.DefaultSqlSession@2ec85a25]
2026-05-08T10:57:29.181+08:00  INFO 10664 --- [           main] c.novel.config.WorldClassicInitializer   : 当前数据库中有 163 章内容，将全部清除
Creating a new SqlSession
SqlSession [org.apache.ibatis.session.defaults.DefaultSqlSession@68aec50] was not registered for synchronization because synchronization is not active
JDBC Connection [HikariProxyConnection@1411675719 wrapping com.mysql.cj.jdbc.ConnectionImpl@11e9ac24] will not be managed by Spring
==>  Preparing: DELETE FROM chapter
==> Parameters: 
<==    Updates: 163
Closing non transactional SqlSession [org.apache.ibatis.session.defaults.DefaultSqlSession@68aec50]
Creating a new SqlSession
SqlSession [org.apache.ibatis.session.defaults.DefaultSqlSession@5e2a6991] was not registered for synchronization because synchronization is not active
JDBC Connection [HikariProxyConnection@1147588445 wrapping com.mysql.cj.jdbc.ConnectionImpl@11e9ac24] will not be managed by Spring
==>  Preparing: INSERT INTO chapter ( book_id, chapter_num, chapter_name, content, word_count, status, create_time, update_time ) VALUES ( ?, ?, ?, ?, ?, ?, ?, ? )
==> Parameters: 1(Long), 1(Integer), 第一章 序幕(String), 故事始于一个平凡的日子，但命运的齿轮已经开始转动。指环王的世界即将迎来翻天覆地的变化。(String), 43(Integer), 1(Integer), 2026-05-08T10:57:29.267882(LocalDateTime), 2026-05-08T10:57:29.268821(LocalDateTime)
<==    Updates: 1
Closing non transactional SqlSession [org.apache.ibatis.session.defaults.DefaultSqlSession@5e2a6991]
Creating a new SqlSession
SqlSession [org.apache.ibatis.session.defaults.DefaultSqlSession@3c33fcf8] was not registered for synchronization because synchronization is not active
JDBC Connection [HikariProxyConnection@229483317 wrapping com.mysql.cj.jdbc.ConnectionImpl@11e9ac24] will not be managed by Spring
==>  Preparing: INSERT INTO chapter ( book_id, chapter_num, chapter_name, content, word_count, status, create_time, update_time ) VALUES ( ?, ?, ?, ?, ?, ?, ?, ? )
==> Parameters: 1(Long), 2(Integer), 第二章 初遇(String), 初次相见的瞬间，时间仿佛静止。没有人知道，这次相遇将改变一切。(String), 31(Integer), 1(Integer), 2026-05-08T10:57:29.378891(LocalDateTime), 2026-05-08T10:57:29.378939(LocalDateTime)
<==    Updates: 1
Closing non transactional SqlSession [org.apache.ibatis.session.defaults.DefaultSqlSession@3c33fcf8]
Creating a new SqlSession
SqlSession [org.apache.ibatis.session.defaults.DefaultSqlSession@70091872] was not registered for synchronization because synchronization is not active
JDBC Connection [HikariProxyConnection@274577741 wrapping com.mysql.cj.jdbc.ConnectionImpl@11e9ac24] will not be managed by Spring
==>  Preparing: INSERT INTO chapter ( book_id, chapter_num, chapter_name, content, word_count, status, create_time, update_time ) VALUES ( ?, ?, ?, ?, ?, ?, ?, ? )
==> Parameters: 1(Long), 3(Integer), 第三章 转折(String), 转折点悄然来临，当真相浮出水面，所有人都将面临艰难的选择。(String), 29(Integer), 1(Integer), 2026-05-08T10:57:29.459419(LocalDateTime), 2026-05-08T10:57:29.459461(LocalDateTime)
<==    Updates: 1
Closing non transactional SqlSession [org.apache.ibatis.session.defaults.DefaultSqlSession@70091872]
Creating a new SqlSession
SqlSession [org.apache.ibatis.session.defaults.DefaultSqlSession@167a21b] was not registered for synchronization because synchronization is not active
JDBC Connection [HikariProxyConnection@2081289387 wrapping com.mysql.cj.jdbc.ConnectionImpl@11e9ac24] will not be managed by Spring
==>  Preparing: INSERT INTO chapter ( book_id, chapter_num, chapter_name, content, word_count, status, create_time, update_time ) VALUES ( ?, ?, ?, ?, ?, ?, ?, ? )
==> Parameters: 1(Long), 4(Integer), 第四章 危机(String), 风暴来临，黑云压城。是屈服还是反抗？答案将决定所有人的命运。(String), 30(Integer), 1(Integer), 2026-05-08T10:57:29.551053(LocalDateTime), 2026-05-08T10:57:29.551117(LocalDateTime)
<==    Updates: 1
Closing non transactional SqlSession [org.apache.ibatis.session.defaults.DefaultSqlSession@167a21b]
Creating a new SqlSession
SqlSession [org.apache.ibatis.session.defaults.DefaultSqlSession@440ef8d] was not registered for synchronization because synchronization is not active
JDBC Connection [HikariProxyConnection@402389762 wrapping com.mysql.cj.jdbc.ConnectionImpl@11e9ac24] will not be managed by Spring
==>  Preparing: INSERT INTO chapter ( book_id, chapter_num, chapter_name, content, word_count, status, create_time, update_time ) VALUES ( ?, ?, ?, ?, ?, ?, ?, ? )
==> Parameters: 1(Long), 5(Integer), 第五章 真相(String), 当所有线索串联起来，一个令人震惊的真相展现在世人面前。(String), 27(Integer), 1(Integer), 2026-05-08T10:57:29.633832(LocalDateTime), 2026-05-08T10:57:29.633882(LocalDateTime)
<==    Updates: 1
Closing non transactional SqlSession [org.apache.ibatis.session.defaults.DefaultSqlSession@440ef8d]
Creating a new SqlSession
SqlSession [org.apache.ibatis.session.defaults.DefaultSqlSession@6c8efde4] was not registered for synchronization because synchronization is not active
JDBC Connection [HikariProxyConnection@619002012 wrapping com.mysql.cj.jdbc.ConnectionImpl@11e9ac24] will not be managed by Spring
==>  Preparing: INSERT INTO chapter ( book_id, chapter_num, chapter_name, content, word_count, status, create_time, update_time ) VALUES ( ?, ?, ?, ?, ?, ?, ?, ? )
==> Parameters: 1(Long), 6(Integer), 第六章 抉择(String), 命运的天平摇摆不定，一个决定可能改变一切。选择，从来都不容易。(String), 31(Integer), 1(Integer), 2026-05-08T10:57:29.718472(LocalDateTime), 2026-05-08T10:57:29.718520(LocalDateTime)
<==    Updates: 1
Closing non transactional SqlSession [org.apache.ibatis.session.defaults.DefaultSqlSession@6c8efde4]
Creating a new SqlSession
SqlSession [org.apache.ibatis.session.defaults.DefaultSqlSession@45e140ae] was not registered for synchronization because synchronization is not active
JDBC Connection [HikariProxyConnection@1221439830 wrapping com.mysql.cj.jdbc.ConnectionImpl@11e9ac24] will not be managed by Spring
==>  Preparing: INSERT INTO chapter ( book_id, chapter_num, chapter_name, content, word_count, status, create_time, update_time ) VALUES ( ?, ?, ?, ?, ?, ?, ?, ? )
==> Parameters: 1(Long), 7(Integer), 第七章 高潮(String), 决战时刻终于来临，所有的铺垫在此刻凝聚。指环王的高潮即将上演。(String), 31(Integer), 1(Integer), 2026-05-08T10:57:29.803593(LocalDateTime), 2026-05-08T10:57:29.803637(LocalDateTime)
<==    Updates: 1
Closing non transactional SqlSession [org.apache.ibatis.session.defaults.DefaultSqlSession@45e140ae]
Creating a new SqlSession
SqlSession [org.apache.ibatis.session.defaults.DefaultSqlSession@54326e9] was not registered for synchronization because synchronization is not active
JDBC Connection [HikariProxyConnection@539058198 wrapping com.mysql.cj.jdbc.ConnectionImpl@11e9ac24] will not be managed by Spring
==>  Preparing: INSERT INTO chapter ( book_id, chapter_num, chapter_name, content, word_count, status, create_time, update_time ) VALUES ( ?, ?, ?, ?, ?, ?, ?, ? )
==> Parameters: 1(Long), 8(Integer), 第八章 结局(String), 尘埃落定，故事迎来了结局。但指环王的传奇，将永远铭刻在人们心中。(String), 32(Integer), 1(Integer), 2026-05-08T10:57:29.894088(LocalDateTime), 2026-05-08T10:57:29.894135(LocalDateTime)
<==    Updates: 1
Closing non transactional SqlSession [org.apache.ibatis.session.defaults.DefaultSqlSession@54326e9]
Creating a new SqlSession
SqlSession [org.apache.ibatis.session.defaults.DefaultSqlSession@25699aa7] was not registered for synchronization because synchronization is not active
JDBC Connection [HikariProxyConnection@30270324 wrapping com.mysql.cj.jdbc.ConnectionImpl@11e9ac24] will not be managed by Spring
==>  Preparing: UPDATE book SET last_chapter_id=?,last_chapter_name=? WHERE (id = ?)
==> Parameters: 1596(Long), 第八章 结局(String), 1(Long)
<==    Updates: 1
Closing non transactional SqlSession [org.apache.ibatis.session.defaults.DefaultSqlSession@25699aa7]
Creating a new SqlSession
SqlSession [org.apache.ibatis.session.defaults.DefaultSqlSession@9263c54] was not registered for synchronization because synchronization is not active
JDBC Connection [HikariProxyConnection@685438214 wrapping com.mysql.cj.jdbc.ConnectionImpl@11e9ac24] will not be managed by Spring
==>  Preparing: INSERT INTO chapter ( book_id, chapter_num, chapter_name, content, word_count, status, create_time, update_time ) VALUES ( ?, ?, ?, ?, ?, ?, ?, ? )
==> Parameters: 2(Long), 1(Integer), 第一章 序幕(String), 当第一缕晨光穿透云层，主人公踏上了未知的旅程。前路漫漫，吉凶未卜。(String), 33(Integer), 1(Integer), 2026-05-08T10:57:30.095257(LocalDateTime), 2026-05-08T10:57:30.095318(LocalDateTime)
<==    Updates: 1
Closing non transactional SqlSession [org.apache.ibatis.session.defaults.DefaultSqlSession@9263c54]
Creating a new SqlSession
SqlSession [org.apache.ibatis.session.defaults.DefaultSqlSession@514377fc] was not registered for synchronization because synchronization is not active
JDBC Connection [HikariProxyConnection@776919575 wrapping com.mysql.cj.jdbc.ConnectionImpl@11e9ac24] will not be managed by Spring
==>  Preparing: INSERT INTO chapter ( book_id, chapter_num, chapter_name, content, word_count, status, create_time, update_time ) VALUES ( ?, ?, ?, ?, ?, ?, ?, ? )
==> Parameters: 2(Long), 2(Integer), 第二章 初遇(String), 命运的安排让两人相遇在那个难忘的时刻。哈利波特与魔法石的故事，从此翻开了新的篇章。(String), 41(Integer), 1(Integer), 2026-05-08T10:57:30.206299(LocalDateTime), 2026-05-08T10:57:30.206339(LocalDateTime)
<==    Updates: 1
Closing non transactional SqlSession [org.apache.ibatis.session.defaults.DefaultSqlSession@514377fc]
Creating a new SqlSession
SqlSession [org.apache.ibatis.session.defaults.DefaultSqlSession@21d9cd04] was not registered for synchronization because synchronization is not active
JDBC Connection [HikariProxyConnection@2040477002 wrapping com.mysql.cj.jdbc.ConnectionImpl@11e9ac24] will not be managed by Spring
==>  Preparing: INSERT INTO chapter ( book_id, chapter_num, chapter_name, content, word_count, status, create_time, update_time ) VALUES ( ?, ?, ?, ?, ?, ?, ?, ? )
==> Parameters: 2(Long), 3(Integer), 第三章 转折(String), 平静的表面下暗流涌动，一个意外的发现揭开了尘封的秘密。哈利波特与魔法石的世界开始动摇。(String), 43(Integer), 1(Integer), 2026-05-08T10:57:30.429662(LocalDateTime), 2026-05-08T10:57:30.429817(LocalDateTime)
<==    Updates: 1
Closing non transactional SqlSession [org.apache.ibatis.session.defaults.DefaultSqlSession@21d9cd04]
Creating a new SqlSession
SqlSession [org.apache.ibatis.session.defaults.DefaultSqlSession@7ac48f05] was not registered for synchronization because synchronization is not active
JDBC Connection [HikariProxyConnection@2062667890 wrapping com.mysql.cj.jdbc.ConnectionImpl@11e9ac24] will not be managed by Spring
==>  Preparing: INSERT INTO chapter ( book_id, chapter_num, chapter_name, content, word_count, status, create_time, update_time ) VALUES ( ?, ?, ?, ?, ?, ?, ?, ? )
==> Parameters: 2(Long), 4(Integer), 第四章 危机(String), 风暴来临，黑云压城。是屈服还是反抗？答案将决定所有人的命运。(String), 30(Integer), 1(Integer), 2026-05-08T10:57:30.654407(LocalDateTime), 2026-05-08T10:57:30.654458(LocalDateTime)
<==    Updates: 1
Closing non transactional SqlSession [org.apache.ibatis.session.defaults.DefaultSqlSession@7ac48f05]
Creating a new SqlSession
SqlSession [org.apache.ibatis.session.defaults.DefaultSqlSession@3ace6346] was not registered for synchronization because synchronization is not active
JDBC Connection [HikariProxyConnection@1313359405 wrapping com.mysql.cj.jdbc.ConnectionImpl@11e9ac24] will not be managed by Spring
==>  Preparing: INSERT INTO chapter ( book_id, chapter_num, chapter_name, content, word_count, status, create_time, update_time ) VALUES ( ?, ?, ?, ?, ?, ?, ?, ? )
==> Parameters: 2(Long), 5(Integer), 第五章 真相(String), 当所有线索串联起来，一个令人震惊的真相展现在世人面前。(String), 27(Integer), 1(Integer), 2026-05-08T10:57:30.843638(LocalDateTime), 2026-05-08T10:57:30.843776(LocalDateTime)
<==    Updates: 1
Closing non transactional SqlSession [org.apache.ibatis.session.defaults.DefaultSqlSession@3ace6346]
Creating a new SqlSession
SqlSession [org.apache.ibatis.session.defaults.DefaultSqlSession@59b492ec] was not registered for synchronization because synchronization is not active
JDBC Connection [HikariProxyConnection@1438764761 wrapping com.mysql.cj.jdbc.ConnectionImpl@11e9ac24] will not be managed by Spring
==>  Preparing: INSERT INTO chapter ( book_id, chapter_num, chapter_name, content, word_count, status, create_time, update_time ) VALUES ( ?, ?, ?, ?, ?, ?, ?, ? )
==> Parameters: 2(Long), 6(Integer), 第六章 抉择(String), 站在人生的十字路口，每个选择都将通向不同的结局。哈利波特与魔法石将何去何从？(String), 38(Integer), 1(Integer), 2026-05-08T10:57:31.000948(LocalDateTime), 2026-05-08T10:57:31.001009(LocalDateTime)
<==    Updates: 1
Closing non transactional SqlSession [org.apache.ibatis.session.defaults.DefaultSqlSession@59b492ec]
Creating a new SqlSession
SqlSession [org.apache.ibatis.session.defaults.DefaultSqlSession@6c5ca0b6] was not registered for synchronization because synchronization is not active
JDBC Connection [HikariProxyConnection@934288610 wrapping com.mysql.cj.jdbc.ConnectionImpl@11e9ac24] will not be managed by Spring
==>  Preparing: INSERT INTO chapter ( book_id, chapter_num, chapter_name, content, word_count, status, create_time, update_time ) VALUES ( ?, ?, ?, ?, ?, ?, ?, ? )
==> Parameters: 2(Long), 7(Integer), 第七章 高潮(String), 决战时刻终于来临，所有的铺垫在此刻凝聚。哈利波特与魔法石的高潮即将上演。(String), 36(Integer), 1(Integer), 2026-05-08T10:57:31.147070(LocalDateTime), 2026-05-08T10:57:31.147117(LocalDateTime)
<==    Updates: 1
Closing non transactional SqlSession [org.apache.ibatis.session.defaults.DefaultSqlSession@6c5ca0b6]
Creating a new SqlSession
SqlSession [org.apache.ibatis.session.defaults.DefaultSqlSession@1144a02b] was not registered for synchronization because synchronization is not active
JDBC Connection [HikariProxyConnection@648346093 wrapping com.mysql.cj.jdbc.ConnectionImpl@11e9ac24] will not be managed by Spring
==>  Preparing: UPDATE book SET last_chapter_id=?,last_chapter_name=? WHERE (id = ?)
==> Parameters: 1603(Long), 第七章 高潮(String), 2(Long)
<==    Updates: 1
Closing non transactional SqlSession [org.apache.ibatis.session.defaults.DefaultSqlSession@1144a02b]
Creating a new SqlSession
SqlSession [org.apache.ibatis.session.defaults.DefaultSqlSession@45287377] was not registered for synchronization because synchronization is not active
JDBC Connection [HikariProxyConnection@1901712897 wrapping com.mysql.cj.jdbc.ConnectionImpl@11e9ac24] will not be managed by Spring
==>  Preparing: INSERT INTO chapter ( book_id, chapter_num, chapter_name, content, word_count, status, create_time, update_time ) VALUES ( ?, ?, ?, ?, ?, ?, ?, ? )
==> Parameters: 3(Long), 1(Integer), 第一章 序幕(String), 当第一缕晨光穿透云层，主人公踏上了未知的旅程。前路漫漫，吉凶未卜。(String), 33(Integer), 1(Integer), 2026-05-08T10:57:31.377215(LocalDateTime), 2026-05-08T10:57:31.377268(LocalDateTime)
<==    Updates: 1
Closing non transactional SqlSession [org.apache.ibatis.session.defaults.DefaultSqlSession@45287377]
Creating a new SqlSession
SqlSession [org.apache.ibatis.session.defaults.DefaultSqlSession@35e74e08] was not registered for synchronization because synchronization is not active
JDBC Connection [HikariProxyConnection@171011947 wrapping com.mysql.cj.jdbc.ConnectionImpl@11e9ac24] will not be managed by Spring
==>  Preparing: INSERT INTO chapter ( book_id, chapter_num, chapter_name, content, word_count, status, create_time, update_time ) VALUES ( ?, ?, ?, ?, ?, ?, ?, ? )
==> Parameters: 3(Long), 2(Integer), 第二章 初遇(String), 初次相见的瞬间，时间仿佛静止。没有人知道，这次相遇将改变一切。(String), 31(Integer), 1(Integer), 2026-05-08T10:57:31.596904(LocalDateTime), 2026-05-08T10:57:31.596965(LocalDateTime)
<==    Updates: 1
Closing non transactional SqlSession [org.apache.ibatis.session.defaults.DefaultSqlSession@35e74e08]
Creating a new SqlSession
SqlSession [org.apache.ibatis.session.defaults.DefaultSqlSession@4e17442f] was not registered for synchronization because synchronization is not active
JDBC Connection [HikariProxyConnection@1331441841 wrapping com.mysql.cj.jdbc.ConnectionImpl@11e9ac24] will not be managed by Spring
==>  Preparing: INSERT INTO chapter ( book_id, chapter_num, chapter_name, content, word_count, status, create_time, update_time ) VALUES ( ?, ?, ?, ?, ?, ?, ?, ? )
==> Parameters: 3(Long), 3(Integer), 第三章 转折(String), 平静的表面下暗流涌动，一个意外的发现揭开了尘封的秘密。纳尼亚传奇的世界开始动摇。(String), 40(Integer), 1(Integer), 2026-05-08T10:57:31.746127(LocalDateTime), 2026-05-08T10:57:31.746182(LocalDateTime)
<==    Updates: 1
Closing non transactional SqlSession [org.apache.ibatis.session.defaults.DefaultSqlSession@4e17442f]
Creating a new SqlSession
SqlSession [org.apache.ibatis.session.defaults.DefaultSqlSession@29bd85db] was not registered for synchronization because synchronization is not active
JDBC Connection [HikariProxyConnection@130740709 wrapping com.mysql.cj.jdbc.ConnectionImpl@11e9ac24] will not be managed by Spring
==>  Preparing: INSERT INTO chapter ( book_id, chapter_num, chapter_name, content, word_count, status, create_time, update_time ) VALUES ( ?, ?, ?, ?, ?, ?, ?, ? )
==> Parameters: 3(Long), 4(Integer), 第四章 危机(String), 风暴来临，黑云压城。是屈服还是反抗？答案将决定所有人的命运。(String), 30(Integer), 1(Integer), 2026-05-08T10:57:31.868578(LocalDateTime), 2026-05-08T10:57:31.868623(LocalDateTime)
<==    Updates: 1
Closing non transactional SqlSession [org.apache.ibatis.session.defaults.DefaultSqlSession@29bd85db]
Creating a new SqlSession
SqlSession [org.apache.ibatis.session.defaults.DefaultSqlSession@38087342] was not registered for synchronization because synchronization is not active
JDBC Connection [HikariProxyConnection@1746790527 wrapping com.mysql.cj.jdbc.ConnectionImpl@11e9ac24] will not be managed by Spring
==>  Preparing: INSERT INTO chapter ( book_id, chapter_num, chapter_name, content, word_count, status, create_time, update_time ) VALUES ( ?, ?, ?, ?, ?, ?, ?, ? )
==> Parameters: 3(Long), 5(Integer), 第五章 真相(String), 当所有线索串联起来，一个令人震惊的真相展现在世人面前。(String), 27(Integer), 1(Integer), 2026-05-08T10:57:32.003675(LocalDateTime), 2026-05-08T10:57:32.003807(LocalDateTime)
<==    Updates: 1
Closing non transactional SqlSession [org.apache.ibatis.session.defaults.DefaultSqlSession@38087342]
Creating a new SqlSession
SqlSession [org.apache.ibatis.session.defaults.DefaultSqlSession@5d9d2119] was not registered for synchronization because synchronization is not active
JDBC Connection [HikariProxyConnection@1514431685 wrapping com.mysql.cj.jdbc.ConnectionImpl@11e9ac24] will not be managed by Spring
==>  Preparing: INSERT INTO chapter ( book_id, chapter_num, chapter_name, content, word_count, status, create_time, update_time ) VALUES ( ?, ?, ?, ?, ?, ?, ?, ? )
==> Parameters: 3(Long), 6(Integer), 第六章 抉择(String), 站在人生的十字路口，每个选择都将通向不同的结局。纳尼亚传奇将何去何从？(String), 35(Integer), 1(Integer), 2026-05-08T10:57:32.096266(LocalDateTime), 2026-05-08T10:57:32.096356(LocalDateTime)
<==    Updates: 1
Closing non transactional SqlSession [org.apache.ibatis.session.defaults.DefaultSqlSession@5d9d2119]
Creating a new SqlSession
SqlSession [org.apache.ibatis.session.defaults.DefaultSqlSession@4e974b9e] was not registered for synchronization because synchronization is not active
JDBC Connection [HikariProxyConnection@923565253 wrapping com.mysql.cj.jdbc.ConnectionImpl@11e9ac24] will not be managed by Spring
==>  Preparing: INSERT INTO chapter ( book_id, chapter_num, chapter_name, content, word_count, status, create_time, update_time ) VALUES ( ?, ?, ?, ?, ?, ?, ?, ? )
==> Parameters: 3(Long), 7(Integer), 第七章 高潮(String), 决战时刻终于来临，所有的铺垫在此刻凝聚。纳尼亚传奇的高潮即将上演。(String), 33(Integer), 1(Integer), 2026-05-08T10:57:32.195383(LocalDateTime), 2026-05-08T10:57:32.195486(LocalDateTime)
<==    Updates: 1
Closing non transactional SqlSession [org.apache.ibatis.session.defaults.DefaultSqlSession@4e974b9e]
Creating a new SqlSession
SqlSession [org.apache.ibatis.session.defaults.DefaultSqlSession@5ebbde60] was not registered for synchronization because synchronization is not active
JDBC Connection [HikariProxyConnection@168127270 wrapping com.mysql.cj.jdbc.ConnectionImpl@11e9ac24] will not be managed by Spring
==>  Preparing: INSERT INTO chapter ( book_id, chapter_num, chapter_name, content, word_count, status, create_time, update_time ) VALUES ( ?, ?, ?, ?, ?, ?, ?, ? )
==> Parameters: 3(Long), 8(Integer), 第八章 结局(String), 尘埃落定，故事迎来了结局。但纳尼亚传奇的传奇，将永远铭刻在人们心中。(String), 34(Integer), 1(Integer), 2026-05-08T10:57:32.385437(LocalDateTime), 2026-05-08T10:57:32.385553(LocalDateTime)
<==    Updates: 1
Closing non transactional SqlSession [org.apache.ibatis.session.defaults.DefaultSqlSession@5ebbde60]
Creating a new SqlSession
SqlSession [org.apache.ibatis.session.defaults.DefaultSqlSession@25c1f5ee] was not registered for synchronization because synchronization is not active
JDBC Connection [HikariProxyConnection@79488555 wrapping com.mysql.cj.jdbc.ConnectionImpl@11e9ac24] will not be managed by Spring
==>  Preparing: UPDATE book SET last_chapter_id=?,last_chapter_name=? WHERE (id = ?)
==> Parameters: 1611(Long), 第八章 结局(String), 3(Long)
<==    Updates: 1
Closing non transactional SqlSession [org.apache.ibatis.session.defaults.DefaultSqlSession@25c1f5ee]
Creating a new SqlSession
SqlSession [org.apache.ibatis.session.defaults.DefaultSqlSession@15a8cebd] was not registered for synchronization because synchronization is not active
JDBC Connection [HikariProxyConnection@1064052579 wrapping com.mysql.cj.jdbc.ConnectionImpl@11e9ac24] will not be managed by Spring
==>  Preparing: INSERT INTO chapter ( book_id, chapter_num, chapter_name, content, word_count, status, create_time, update_time ) VALUES ( ?, ?, ?, ?, ?, ?, ?, ? )
==> Parameters: 4(Long), 1(Integer), 第一章 序幕(String), 当第一缕晨光穿透云层，主人公踏上了未知的旅程。前路漫漫，吉凶未卜。(String), 33(Integer), 1(Integer), 2026-05-08T10:57:32.623780(LocalDateTime), 2026-05-08T10:57:32.623836(LocalDateTime)
<==    Updates: 1
Closing non transactional SqlSession [org.apache.ibatis.session.defaults.DefaultSqlSession@15a8cebd]
Creating a new SqlSession
SqlSession [org.apache.ibatis.session.defaults.DefaultSqlSession@74c121d4] was not registered for synchronization because synchronization is not active
JDBC Connection [HikariProxyConnection@709379856 wrapping com.mysql.cj.jdbc.ConnectionImpl@11e9ac24] will not be managed by Spring
==>  Preparing: INSERT INTO chapter ( book_id, chapter_num, chapter_name, content, word_count, status, create_time, update_time ) VALUES ( ?, ?, ?, ?, ?, ?, ?, ? )
==> Parameters: 4(Long), 2(Integer), 第二章 初遇(String), 命运的安排让两人相遇在那个难忘的时刻。冰与火之歌的故事，从此翻开了新的篇章。(String), 38(Integer), 1(Integer), 2026-05-08T10:57:32.714797(LocalDateTime), 2026-05-08T10:57:32.714834(LocalDateTime)
<==    Updates: 1
Closing non transactional SqlSession [org.apache.ibatis.session.defaults.DefaultSqlSession@74c121d4]
Creating a new SqlSession
SqlSession [org.apache.ibatis.session.defaults.DefaultSqlSession@424f02b8] was not registered for synchronization because synchronization is not active
JDBC Connection [HikariProxyConnection@718781734 wrapping com.mysql.cj.jdbc.ConnectionImpl@11e9ac24] will not be managed by Spring
==>  Preparing: INSERT INTO chapter ( book_id, chapter_num, chapter_name, content, word_count, status, create_time, update_time ) VALUES ( ?, ?, ?, ?, ?, ?, ?, ? )
==> Parameters: 4(Long), 3(Integer), 第三章 转折(String), 平静的表面下暗流涌动，一个意外的发现揭开了尘封的秘密。冰与火之歌的世界开始动摇。(String), 40(Integer), 1(Integer), 2026-05-08T10:57:32.812419(LocalDateTime), 2026-05-08T10:57:32.812473(LocalDateTime)
<==    Updates: 1
Closing non transactional SqlSession [org.apache.ibatis.session.defaults.DefaultSqlSession@424f02b8]
Creating a new SqlSession
SqlSession [org.apache.ibatis.session.defaults.DefaultSqlSession@53d30d23] was not registered for synchronization because synchronization is not active
JDBC Connection [HikariProxyConnection@1157276914 wrapping com.mysql.cj.jdbc.ConnectionImpl@11e9ac24] will not be managed by Spring
==>  Preparing: INSERT INTO chapter ( book_id, chapter_num, chapter_name, content, word_count, status, create_time, update_time ) VALUES ( ?, ?, ?, ?, ?, ?, ?, ? )
==> Parameters: 4(Long), 4(Integer), 第四章 危机(String), 危机突如其来，考验着每个人的意志与信念。在冰与火之歌的关键时刻，谁能挺身而出？(String), 39(Integer), 1(Integer), 2026-05-08T10:57:32.906458(LocalDateTime), 2026-05-08T10:57:32.906521(LocalDateTime)
<==    Updates: 1
Closing non transactional SqlSession [org.apache.ibatis.session.defaults.DefaultSqlSession@53d30d23]
Creating a new SqlSession
SqlSession [org.apache.ibatis.session.defaults.DefaultSqlSession@59e7564b] was not registered for synchronization because synchronization is not active
JDBC Connection [HikariProxyConnection@1210819761 wrapping com.mysql.cj.jdbc.ConnectionImpl@11e9ac24] will not be managed by Spring
==>  Preparing: INSERT INTO chapter ( book_id, chapter_num, chapter_name, content, word_count, status, create_time, update_time ) VALUES ( ?, ?, ?, ?, ?, ?, ?, ? )
==> Parameters: 4(Long), 5(Integer), 第五章 真相(String), 层层迷雾逐渐散去，真相终于大白于天下。冰与火之歌的背后，隐藏着怎样的惊人秘密？(String), 39(Integer), 1(Integer), 2026-05-08T10:57:33.070064(LocalDateTime), 2026-05-08T10:57:33.070180(LocalDateTime)
<==    Updates: 1
Closing non transactional SqlSession [org.apache.ibatis.session.defaults.DefaultSqlSession@59e7564b]
Creating a new SqlSession
SqlSession [org.apache.ibatis.session.defaults.DefaultSqlSession@76a6f045] was not registered for synchronization because synchronization is not active
JDBC Connection [HikariProxyConnection@1664998412 wrapping com.mysql.cj.jdbc.ConnectionImpl@11e9ac24] will not be managed by Spring
==>  Preparing: INSERT INTO chapter ( book_id, chapter_num, chapter_name, content, word_count, status, create_time, update_time ) VALUES ( ?, ?, ?, ?, ?, ?, ?, ? )
==> Parameters: 4(Long), 6(Integer), 第六章 抉择(String), 站在人生的十字路口，每个选择都将通向不同的结局。冰与火之歌将何去何从？(String), 35(Integer), 1(Integer), 2026-05-08T10:57:33.182662(LocalDateTime), 2026-05-08T10:57:33.182706(LocalDateTime)
<==    Updates: 1
Closing non transactional SqlSession [org.apache.ibatis.session.defaults.DefaultSqlSession@76a6f045]
Creating a new SqlSession
SqlSession [org.apache.ibatis.session.defaults.DefaultSqlSession@5514579e] was not registered for synchronization because synchronization is not active
JDBC Connection [HikariProxyConnection@1489251468 wrapping com.mysql.cj.jdbc.ConnectionImpl@11e9ac24] will not be managed by Spring
==>  Preparing: INSERT INTO chapter ( book_id, chapter_num, chapter_name, content, word_count, status, create_time, update_time ) VALUES ( ?, ?, ?, ?, ?, ?, ?, ? )
==> Parameters: 4(Long), 7(Integer), 第七章 高潮(String), 巅峰对决，一触即发。胜者为王，败者为寇，这是最后的较量。(String), 28(Integer), 1(Integer), 2026-05-08T10:57:33.277036(LocalDateTime), 2026-05-08T10:57:33.277089(LocalDateTime)
<==    Updates: 1
Closing non transactional SqlSession [org.apache.ibatis.session.defaults.DefaultSqlSession@5514579e]
Creating a new SqlSession
SqlSession [org.apache.ibatis.session.defaults.DefaultSqlSession@54895681] was not registered for synchronization because synchronization is not active
JDBC Connection [HikariProxyConnection@768647376 wrapping com.mysql.cj.jdbc.ConnectionImpl@11e9ac24] will not be managed by Spring
==>  Preparing: INSERT INTO chapter ( book_id, chapter_num, chapter_name, content, word_count, status, create_time, update_time ) VALUES ( ?, ?, ?, ?, ?, ?, ?, ? )
==> Parameters: 4(Long), 8(Integer), 第八章 结局(String), 尘埃落定，故事迎来了结局。但冰与火之歌的传奇，将永远铭刻在人们心中。(String), 34(Integer), 1(Integer), 2026-05-08T10:57:33.371437(LocalDateTime), 2026-05-08T10:57:33.371568(LocalDateTime)
<==    Updates: 1
Closing non transactional SqlSession [org.apache.ibatis.session.defaults.DefaultSqlSession@54895681]
Creating a new SqlSession
SqlSession [org.apache.ibatis.session.defaults.DefaultSqlSession@935d3f9] was not registered for synchronization because synchronization is not active
JDBC Connection [HikariProxyConnection@558576687 wrapping com.mysql.cj.jdbc.ConnectionImpl@11e9ac24] will not be managed by Spring
==>  Preparing: UPDATE book SET last_chapter_id=?,last_chapter_name=? WHERE (id = ?)
==> Parameters: 1619(Long), 第八章 结局(String), 4(Long)
<==    Updates: 1
Closing non transactional SqlSession [org.apache.ibatis.session.defaults.DefaultSqlSession@935d3f9]
Creating a new SqlSession
SqlSession [org.apache.ibatis.session.defaults.DefaultSqlSession@7f12094d] was not registered for synchronization because synchronization is not active
JDBC Connection [HikariProxyConnection@1486862157 wrapping com.mysql.cj.jdbc.ConnectionImpl@11e9ac24] will not be managed by Spring
==>  Preparing: INSERT INTO chapter ( book_id, chapter_num, chapter_name, content, word_count, status, create_time, update_time ) VALUES ( ?, ?, ?, ?, ?, ?, ?, ? )
==> Parameters: 5(Long), 1(Integer), 第一章 序幕(String), 故事始于一个平凡的日子，但命运的齿轮已经开始转动。西游记的世界即将迎来翻天覆地的变化。(String), 43(Integer), 1(Integer), 2026-05-08T10:57:33.556146(LocalDateTime), 2026-05-08T10:57:33.556281(LocalDateTime)
<==    Updates: 1
Closing non transactional SqlSession [org.apache.ibatis.session.defaults.DefaultSqlSession@7f12094d]
Creating a new SqlSession
SqlSession [org.apache.ibatis.session.defaults.DefaultSqlSession@12567179] was not registered for synchronization because synchronization is not active
JDBC Connection [HikariProxyConnection@936810913 wrapping com.mysql.cj.jdbc.ConnectionImpl@11e9ac24] will not be managed by Spring
==>  Preparing: INSERT INTO chapter ( book_id, chapter_num, chapter_name, content, word_count, status, create_time, update_time ) VALUES ( ?, ?, ?, ?, ?, ?, ?, ? )
==> Parameters: 5(Long), 2(Integer), 第二章 初遇(String), 初次相见的瞬间，时间仿佛静止。没有人知道，这次相遇将改变一切。(String), 31(Integer), 1(Integer), 2026-05-08T10:57:33.650129(LocalDateTime), 2026-05-08T10:57:33.650323(LocalDateTime)
<==    Updates: 1
Closing non transactional SqlSession [org.apache.ibatis.session.defaults.DefaultSqlSession@12567179]
Creating a new SqlSession
SqlSession [org.apache.ibatis.session.defaults.DefaultSqlSession@29170a47] was not registered for synchronization because synchronization is not active
JDBC Connection [HikariProxyConnection@714048853 wrapping com.mysql.cj.jdbc.ConnectionImpl@11e9ac24] will not be managed by Spring
==>  Preparing: INSERT INTO chapter ( book_id, chapter_num, chapter_name, content, word_count, status, create_time, update_time ) VALUES ( ?, ?, ?, ?, ?, ?, ?, ? )
==> Parameters: 5(Long), 3(Integer), 第三章 转折(String), 平静的表面下暗流涌动，一个意外的发现揭开了尘封的秘密。西游记的世界开始动摇。(String), 38(Integer), 1(Integer), 2026-05-08T10:57:33.757145(LocalDateTime), 2026-05-08T10:57:33.757189(LocalDateTime)
<==    Updates: 1
Closing non transactional SqlSession [org.apache.ibatis.session.defaults.DefaultSqlSession@29170a47]
Creating a new SqlSession
SqlSession [org.apache.ibatis.session.defaults.DefaultSqlSession@23b1aa9] was not registered for synchronization because synchronization is not active
JDBC Connection [HikariProxyConnection@1414042262 wrapping com.mysql.cj.jdbc.ConnectionImpl@11e9ac24] will not be managed by Spring
==>  Preparing: INSERT INTO chapter ( book_id, chapter_num, chapter_name, content, word_count, status, create_time, update_time ) VALUES ( ?, ?, ?, ?, ?, ?, ?, ? )
==> Parameters: 5(Long), 4(Integer), 第四章 危机(String), 风暴来临，黑云压城。是屈服还是反抗？答案将决定所有人的命运。(String), 30(Integer), 1(Integer), 2026-05-08T10:57:33.878561(LocalDateTime), 2026-05-08T10:57:33.878608(LocalDateTime)
<==    Updates: 1
Closing non transactional SqlSession [org.apache.ibatis.session.defaults.DefaultSqlSession@23b1aa9]
Creating a new SqlSession
SqlSession [org.apache.ibatis.session.defaults.DefaultSqlSession@7c4b5ceb] was not registered for synchronization because synchronization is not active
JDBC Connection [HikariProxyConnection@1812442582 wrapping com.mysql.cj.jdbc.ConnectionImpl@11e9ac24] will not be managed by Spring
==>  Preparing: INSERT INTO chapter ( book_id, chapter_num, chapter_name, content, word_count, status, create_time, update_time ) VALUES ( ?, ?, ?, ?, ?, ?, ?, ? )
==> Parameters: 5(Long), 5(Integer), 第五章 真相(String), 当所有线索串联起来，一个令人震惊的真相展现在世人面前。(String), 27(Integer), 1(Integer), 2026-05-08T10:57:33.959707(LocalDateTime), 2026-05-08T10:57:33.959755(LocalDateTime)
<==    Updates: 1
Closing non transactional SqlSession [org.apache.ibatis.session.defaults.DefaultSqlSession@7c4b5ceb]
Creating a new SqlSession
SqlSession [org.apache.ibatis.session.defaults.DefaultSqlSession@712cd5d3] was not registered for synchronization because synchronization is not active
JDBC Connection [HikariProxyConnection@546619197 wrapping com.mysql.cj.jdbc.ConnectionImpl@11e9ac24] will not be managed by Spring
==>  Preparing: INSERT INTO chapter ( book_id, chapter_num, chapter_name, content, word_count, status, create_time, update_time ) VALUES ( ?, ?, ?, ?, ?, ?, ?, ? )
==> Parameters: 5(Long), 6(Integer), 第六章 抉择(String), 命运的天平摇摆不定，一个决定可能改变一切。选择，从来都不容易。(String), 31(Integer), 1(Integer), 2026-05-08T10:57:34.052278(LocalDateTime), 2026-05-08T10:57:34.052328(LocalDateTime)
<==    Updates: 1
Closing non transactional SqlSession [org.apache.ibatis.session.defaults.DefaultSqlSession@712cd5d3]
Creating a new SqlSession
SqlSession [org.apache.ibatis.session.defaults.DefaultSqlSession@687eb455] was not registered for synchronization because synchronization is not active
JDBC Connection [HikariProxyConnection@1838584624 wrapping com.mysql.cj.jdbc.ConnectionImpl@11e9ac24] will not be managed by Spring
==>  Preparing: UPDATE book SET last_chapter_id=?,last_chapter_name=? WHERE (id = ?)
==> Parameters: 1625(Long), 第六章 抉择(String), 5(Long)
<==    Updates: 1
Closing non transactional SqlSession [org.apache.ibatis.session.defaults.DefaultSqlSession@687eb455]
Creating a new SqlSession
SqlSession [org.apache.ibatis.session.defaults.DefaultSqlSession@6c8f4bc7] was not registered for synchronization because synchronization is not active
JDBC Connection [HikariProxyConnection@1900971551 wrapping com.mysql.cj.jdbc.ConnectionImpl@11e9ac24] will not be managed by Spring
==>  Preparing: INSERT INTO chapter ( book_id, chapter_num, chapter_name, content, word_count, status, create_time, update_time ) VALUES ( ?, ?, ?, ?, ?, ?, ?, ? )
==> Parameters: 6(Long), 1(Integer), 第一章 序幕(String), 故事始于一个平凡的日子，但命运的齿轮已经开始转动。三国演义的世界即将迎来翻天覆地的变化。(String), 44(Integer), 1(Integer), 2026-05-08T10:57:34.289329(LocalDateTime), 2026-05-08T10:57:34.289655(LocalDateTime)
<==    Updates: 1
Closing non transactional SqlSession [org.apache.ibatis.session.defaults.DefaultSqlSession@6c8f4bc7]
Creating a new SqlSession
SqlSession [org.apache.ibatis.session.defaults.DefaultSqlSession@781dbe44] was not registered for synchronization because synchronization is not active
JDBC Connection [HikariProxyConnection@2103877926 wrapping com.mysql.cj.jdbc.ConnectionImpl@11e9ac24] will not be managed by Spring
==>  Preparing: INSERT INTO chapter ( book_id, chapter_num, chapter_name, content, word_count, status, create_time, update_time ) VALUES ( ?, ?, ?, ?, ?, ?, ?, ? )
==> Parameters: 6(Long), 2(Integer), 第二章 初遇(String), 初次相见的瞬间，时间仿佛静止。没有人知道，这次相遇将改变一切。(String), 31(Integer), 1(Integer), 2026-05-08T10:57:34.416699(LocalDateTime), 2026-05-08T10:57:34.416873(LocalDateTime)
<==    Updates: 1
Closing non transactional SqlSession [org.apache.ibatis.session.defaults.DefaultSqlSession@781dbe44]
Creating a new SqlSession
SqlSession [org.apache.ibatis.session.defaults.DefaultSqlSession@3a2546d6] was not registered for synchronization because synchronization is not active
JDBC Connection [HikariProxyConnection@1921167141 wrapping com.mysql.cj.jdbc.ConnectionImpl@11e9ac24] will not be managed by Spring
==>  Preparing: INSERT INTO chapter ( book_id, chapter_num, chapter_name, content, word_count, status, create_time, update_time ) VALUES ( ?, ?, ?, ?, ?, ?, ?, ? )
==> Parameters: 6(Long), 3(Integer), 第三章 转折(String), 平静的表面下暗流涌动，一个意外的发现揭开了尘封的秘密。三国演义的世界开始动摇。(String), 39(Integer), 1(Integer), 2026-05-08T10:57:34.568871(LocalDateTime), 2026-05-08T10:57:34.568967(LocalDateTime)
<==    Updates: 1
Closing non transactional SqlSession [org.apache.ibatis.session.defaults.DefaultSqlSession@3a2546d6]
Creating a new SqlSession
SqlSession [org.apache.ibatis.session.defaults.DefaultSqlSession@307c59ea] was not registered for synchronization because synchronization is not active
JDBC Connection [HikariProxyConnection@1474310983 wrapping com.mysql.cj.jdbc.ConnectionImpl@11e9ac24] will not be managed by Spring
==>  Preparing: INSERT INTO chapter ( book_id, chapter_num, chapter_name, content, word_count, status, create_time, update_time ) VALUES ( ?, ?, ?, ?, ?, ?, ?, ? )
==> Parameters: 6(Long), 4(Integer), 第四章 危机(String), 风暴来临，黑云压城。是屈服还是反抗？答案将决定所有人的命运。(String), 30(Integer), 1(Integer), 2026-05-08T10:57:34.680803(LocalDateTime), 2026-05-08T10:57:34.680944(LocalDateTime)
<==    Updates: 1
Closing non transactional SqlSession [org.apache.ibatis.session.defaults.DefaultSqlSession@307c59ea]
Creating a new SqlSession
SqlSession [org.apache.ibatis.session.defaults.DefaultSqlSession@21dea711] was not registered for synchronization because synchronization is not active
JDBC Connection [HikariProxyConnection@2004013670 wrapping com.mysql.cj.jdbc.ConnectionImpl@11e9ac24] will not be managed by Spring
==>  Preparing: INSERT INTO chapter ( book_id, chapter_num, chapter_name, content, word_count, status, create_time, update_time ) VALUES ( ?, ?, ?, ?, ?, ?, ?, ? )
==> Parameters: 6(Long), 5(Integer), 第五章 真相(String), 层层迷雾逐渐散去，真相终于大白于天下。三国演义的背后，隐藏着怎样的惊人秘密？(String), 38(Integer), 1(Integer), 2026-05-08T10:57:34.769479(LocalDateTime), 2026-05-08T10:57:34.769520(LocalDateTime)
<==    Updates: 1
Closing non transactional SqlSession [org.apache.ibatis.session.defaults.DefaultSqlSession@21dea711]
Creating a new SqlSession
SqlSession [org.apache.ibatis.session.defaults.DefaultSqlSession@5fb8dc01] was not registered for synchronization because synchronization is not active
JDBC Connection [HikariProxyConnection@1430611624 wrapping com.mysql.cj.jdbc.ConnectionImpl@11e9ac24] will not be managed by Spring
==>  Preparing: INSERT INTO chapter ( book_id, chapter_num, chapter_name, content, word_count, status, create_time, update_time ) VALUES ( ?, ?, ?, ?, ?, ?, ?, ? )
==> Parameters: 6(Long), 6(Integer), 第六章 抉择(String), 站在人生的十字路口，每个选择都将通向不同的结局。三国演义将何去何从？(String), 34(Integer), 1(Integer), 2026-05-08T10:57:34.850423(LocalDateTime), 2026-05-08T10:57:34.850472(LocalDateTime)
<==    Updates: 1
Closing non transactional SqlSession [org.apache.ibatis.session.defaults.DefaultSqlSession@5fb8dc01]
Creating a new SqlSession
SqlSession [org.apache.ibatis.session.defaults.DefaultSqlSession@150d6eaf] was not registered for synchronization because synchronization is not active
JDBC Connection [HikariProxyConnection@1662140450 wrapping com.mysql.cj.jdbc.ConnectionImpl@11e9ac24] will not be managed by Spring
==>  Preparing: INSERT INTO chapter ( book_id, chapter_num, chapter_name, content, word_count, status, create_time, update_time ) VALUES ( ?, ?, ?, ?, ?, ?, ?, ? )
==> Parameters: 6(Long), 7(Integer), 第七章 高潮(String), 巅峰对决，一触即发。胜者为王，败者为寇，这是最后的较量。(String), 28(Integer), 1(Integer), 2026-05-08T10:57:34.929011(LocalDateTime), 2026-05-08T10:57:34.929048(LocalDateTime)
<==    Updates: 1
Closing non transactional SqlSession [org.apache.ibatis.session.defaults.DefaultSqlSession@150d6eaf]
Creating a new SqlSession
SqlSession [org.apache.ibatis.session.defaults.DefaultSqlSession@55421b8d] was not registered for synchronization because synchronization is not active
JDBC Connection [HikariProxyConnection@614482519 wrapping com.mysql.cj.jdbc.ConnectionImpl@11e9ac24] will not be managed by Spring
==>  Preparing: UPDATE book SET last_chapter_id=?,last_chapter_name=? WHERE (id = ?)
==> Parameters: 1632(Long), 第七章 高潮(String), 6(Long)
<==    Updates: 1
Closing non transactional SqlSession [org.apache.ibatis.session.defaults.DefaultSqlSession@55421b8d]
Creating a new SqlSession
SqlSession [org.apache.ibatis.session.defaults.DefaultSqlSession@eaf8427] was not registered for synchronization because synchronization is not active
JDBC Connection [HikariProxyConnection@1274308620 wrapping com.mysql.cj.jdbc.ConnectionImpl@11e9ac24] will not be managed by Spring
==>  Preparing: INSERT INTO chapter ( book_id, chapter_num, chapter_name, content, word_count, status, create_time, update_time ) VALUES ( ?, ?, ?, ?, ?, ?, ?, ? )
==> Parameters: 7(Long), 1(Integer), 第一章 序幕(String), 故事始于一个平凡的日子，但命运的齿轮已经开始转动。水浒传的世界即将迎来翻天覆地的变化。(String), 43(Integer), 1(Integer), 2026-05-08T10:57:35.103980(LocalDateTime), 2026-05-08T10:57:35.104035(LocalDateTime)
<==    Updates: 1
Closing non transactional SqlSession [org.apache.ibatis.session.defaults.DefaultSqlSession@eaf8427]
Creating a new SqlSession
SqlSession [org.apache.ibatis.session.defaults.DefaultSqlSession@13e00016] was not registered for synchronization because synchronization is not active
JDBC Connection [HikariProxyConnection@2067578478 wrapping com.mysql.cj.jdbc.ConnectionImpl@11e9ac24] will not be managed by Spring
==>  Preparing: INSERT INTO chapter ( book_id, chapter_num, chapter_name, content, word_count, status, create_time, update_time ) VALUES ( ?, ?, ?, ?, ?, ?, ?, ? )
==> Parameters: 7(Long), 2(Integer), 第二章 初遇(String), 初次相见的瞬间，时间仿佛静止。没有人知道，这次相遇将改变一切。(String), 31(Integer), 1(Integer), 2026-05-08T10:57:35.209673(LocalDateTime), 2026-05-08T10:57:35.209803(LocalDateTime)
<==    Updates: 1
Closing non transactional SqlSession [org.apache.ibatis.session.defaults.DefaultSqlSession@13e00016]
Creating a new SqlSession
SqlSession [org.apache.ibatis.session.defaults.DefaultSqlSession@4e4395c] was not registered for synchronization because synchronization is not active
JDBC Connection [HikariProxyConnection@448084064 wrapping com.mysql.cj.jdbc.ConnectionImpl@11e9ac24] will not be managed by Spring
==>  Preparing: INSERT INTO chapter ( book_id, chapter_num, chapter_name, content, word_count, status, create_time, update_time ) VALUES ( ?, ?, ?, ?, ?, ?, ?, ? )
==> Parameters: 7(Long), 3(Integer), 第三章 转折(String), 转折点悄然来临，当真相浮出水面，所有人都将面临艰难的选择。(String), 29(Integer), 1(Integer), 2026-05-08T10:57:35.324764(LocalDateTime), 2026-05-08T10:57:35.324884(LocalDateTime)
<==    Updates: 1
Closing non transactional SqlSession [org.apache.ibatis.session.defaults.DefaultSqlSession@4e4395c]
Creating a new SqlSession
SqlSession [org.apache.ibatis.session.defaults.DefaultSqlSession@72b2c5ed] was not registered for synchronization because synchronization is not active
JDBC Connection [HikariProxyConnection@1106740707 wrapping com.mysql.cj.jdbc.ConnectionImpl@11e9ac24] will not be managed by Spring
==>  Preparing: INSERT INTO chapter ( book_id, chapter_num, chapter_name, content, word_count, status, create_time, update_time ) VALUES ( ?, ?, ?, ?, ?, ?, ?, ? )
==> Parameters: 7(Long), 4(Integer), 第四章 危机(String), 风暴来临，黑云压城。是屈服还是反抗？答案将决定所有人的命运。(String), 30(Integer), 1(Integer), 2026-05-08T10:57:35.426021(LocalDateTime), 2026-05-08T10:57:35.426100(LocalDateTime)
<==    Updates: 1
Closing non transactional SqlSession [org.apache.ibatis.session.defaults.DefaultSqlSession@72b2c5ed]
Creating a new SqlSession
SqlSession [org.apache.ibatis.session.defaults.DefaultSqlSession@1600a8a2] was not registered for synchronization because synchronization is not active
JDBC Connection [HikariProxyConnection@1797648156 wrapping com.mysql.cj.jdbc.ConnectionImpl@11e9ac24] will not be managed by Spring
==>  Preparing: INSERT INTO chapter ( book_id, chapter_num, chapter_name, content, word_count, status, create_time, update_time ) VALUES ( ?, ?, ?, ?, ?, ?, ?, ? )
==> Parameters: 7(Long), 5(Integer), 第五章 真相(String), 当所有线索串联起来，一个令人震惊的真相展现在世人面前。(String), 27(Integer), 1(Integer), 2026-05-08T10:57:35.508848(LocalDateTime), 2026-05-08T10:57:35.508887(LocalDateTime)
<==    Updates: 1
Closing non transactional SqlSession [org.apache.ibatis.session.defaults.DefaultSqlSession@1600a8a2]
Creating a new SqlSession
SqlSession [org.apache.ibatis.session.defaults.DefaultSqlSession@7b95bdb0] was not registered for synchronization because synchronization is not active
JDBC Connection [HikariProxyConnection@1057808593 wrapping com.mysql.cj.jdbc.ConnectionImpl@11e9ac24] will not be managed by Spring
==>  Preparing: UPDATE book SET last_chapter_id=?,last_chapter_name=? WHERE (id = ?)
==> Parameters: 1637(Long), 第五章 真相(String), 7(Long)
<==    Updates: 1
Closing non transactional SqlSession [org.apache.ibatis.session.defaults.DefaultSqlSession@7b95bdb0]
Creating a new SqlSession
SqlSession [org.apache.ibatis.session.defaults.DefaultSqlSession@1491cd6c] was not registered for synchronization because synchronization is not active
JDBC Connection [HikariProxyConnection@1111460467 wrapping com.mysql.cj.jdbc.ConnectionImpl@11e9ac24] will not be managed by Spring
==>  Preparing: INSERT INTO chapter ( book_id, chapter_num, chapter_name, content, word_count, status, create_time, update_time ) VALUES ( ?, ?, ?, ?, ?, ?, ?, ? )
==> Parameters: 8(Long), 1(Integer), 第一章 序幕(String), 当第一缕晨光穿透云层，主人公踏上了未知的旅程。前路漫漫，吉凶未卜。(String), 33(Integer), 1(Integer), 2026-05-08T10:57:35.695339(LocalDateTime), 2026-05-08T10:57:35.695393(LocalDateTime)
<==    Updates: 1
Closing non transactional SqlSession [org.apache.ibatis.session.defaults.DefaultSqlSession@1491cd6c]
Creating a new SqlSession
SqlSession [org.apache.ibatis.session.defaults.DefaultSqlSession@b5d9f1e] was not registered for synchronization because synchronization is not active
JDBC Connection [HikariProxyConnection@890236948 wrapping com.mysql.cj.jdbc.ConnectionImpl@11e9ac24] will not be managed by Spring
==>  Preparing: INSERT INTO chapter ( book_id, chapter_num, chapter_name, content, word_count, status, create_time, update_time ) VALUES ( ?, ?, ?, ?, ?, ?, ?, ? )
==> Parameters: 8(Long), 2(Integer), 第二章 初遇(String), 命运的安排让两人相遇在那个难忘的时刻。射雕英雄传的故事，从此翻开了新的篇章。(String), 38(Integer), 1(Integer), 2026-05-08T10:57:35.775721(LocalDateTime), 2026-05-08T10:57:35.775777(LocalDateTime)
<==    Updates: 1
Closing non transactional SqlSession [org.apache.ibatis.session.defaults.DefaultSqlSession@b5d9f1e]
Creating a new SqlSession
SqlSession [org.apache.ibatis.session.defaults.DefaultSqlSession@5844a2d1] was not registered for synchronization because synchronization is not active
JDBC Connection [HikariProxyConnection@302085789 wrapping com.mysql.cj.jdbc.ConnectionImpl@11e9ac24] will not be managed by Spring
==>  Preparing: INSERT INTO chapter ( book_id, chapter_num, chapter_name, content, word_count, status, create_time, update_time ) VALUES ( ?, ?, ?, ?, ?, ?, ?, ? )
==> Parameters: 8(Long), 3(Integer), 第三章 转折(String), 转折点悄然来临，当真相浮出水面，所有人都将面临艰难的选择。(String), 29(Integer), 1(Integer), 2026-05-08T10:57:35.856072(LocalDateTime), 2026-05-08T10:57:35.856193(LocalDateTime)
<==    Updates: 1
Closing non transactional SqlSession [org.apache.ibatis.session.defaults.DefaultSqlSession@5844a2d1]
Creating a new SqlSession
SqlSession [org.apache.ibatis.session.defaults.DefaultSqlSession@3b28b7b0] was not registered for synchronization because synchronization is not active
JDBC Connection [HikariProxyConnection@570723286 wrapping com.mysql.cj.jdbc.ConnectionImpl@11e9ac24] will not be managed by Spring
==>  Preparing: INSERT INTO chapter ( book_id, chapter_num, chapter_name, content, word_count, status, create_time, update_time ) VALUES ( ?, ?, ?, ?, ?, ?, ?, ? )
==> Parameters: 8(Long), 4(Integer), 第四章 危机(String), 危机突如其来，考验着每个人的意志与信念。在射雕英雄传的关键时刻，谁能挺身而出？(String), 39(Integer), 1(Integer), 2026-05-08T10:57:35.972865(LocalDateTime), 2026-05-08T10:57:35.972912(LocalDateTime)
<==    Updates: 1
Closing non transactional SqlSession [org.apache.ibatis.session.defaults.DefaultSqlSession@3b28b7b0]
Creating a new SqlSession
SqlSession [org.apache.ibatis.session.defaults.DefaultSqlSession@504497fa] was not registered for synchronization because synchronization is not active
JDBC Connection [HikariProxyConnection@1444477983 wrapping com.mysql.cj.jdbc.ConnectionImpl@11e9ac24] will not be managed by Spring
==>  Preparing: INSERT INTO chapter ( book_id, chapter_num, chapter_name, content, word_count, status, create_time, update_time ) VALUES ( ?, ?, ?, ?, ?, ?, ?, ? )
==> Parameters: 8(Long), 5(Integer), 第五章 真相(String), 层层迷雾逐渐散去，真相终于大白于天下。射雕英雄传的背后，隐藏着怎样的惊人秘密？(String), 39(Integer), 1(Integer), 2026-05-08T10:57:36.088756(LocalDateTime), 2026-05-08T10:57:36.088807(LocalDateTime)
<==    Updates: 1
Closing non transactional SqlSession [org.apache.ibatis.session.defaults.DefaultSqlSession@504497fa]
Creating a new SqlSession
SqlSession [org.apache.ibatis.session.defaults.DefaultSqlSession@43c39321] was not registered for synchronization because synchronization is not active
JDBC Connection [HikariProxyConnection@1386903362 wrapping com.mysql.cj.jdbc.ConnectionImpl@11e9ac24] will not be managed by Spring
==>  Preparing: INSERT INTO chapter ( book_id, chapter_num, chapter_name, content, word_count, status, create_time, update_time ) VALUES ( ?, ?, ?, ?, ?, ?, ?, ? )
==> Parameters: 8(Long), 6(Integer), 第六章 抉择(String), 命运的天平摇摆不定，一个决定可能改变一切。选择，从来都不容易。(String), 31(Integer), 1(Integer), 2026-05-08T10:57:36.183988(LocalDateTime), 2026-05-08T10:57:36.184029(LocalDateTime)
<==    Updates: 1
Closing non transactional SqlSession [org.apache.ibatis.session.defaults.DefaultSqlSession@43c39321]
Creating a new SqlSession
SqlSession [org.apache.ibatis.session.defaults.DefaultSqlSession@34d9df9f] was not registered for synchronization because synchronization is not active
JDBC Connection [HikariProxyConnection@902348321 wrapping com.mysql.cj.jdbc.ConnectionImpl@11e9ac24] will not be managed by Spring
==>  Preparing: INSERT INTO chapter ( book_id, chapter_num, chapter_name, content, word_count, status, create_time, update_time ) VALUES ( ?, ?, ?, ?, ?, ?, ?, ? )
==> Parameters: 8(Long), 7(Integer), 第七章 高潮(String), 决战时刻终于来临，所有的铺垫在此刻凝聚。射雕英雄传的高潮即将上演。(String), 33(Integer), 1(Integer), 2026-05-08T10:57:36.269179(LocalDateTime), 2026-05-08T10:57:36.269246(LocalDateTime)
<==    Updates: 1
Closing non transactional SqlSession [org.apache.ibatis.session.defaults.DefaultSqlSession@34d9df9f]
Creating a new SqlSession
SqlSession [org.apache.ibatis.session.defaults.DefaultSqlSession@1192c925] was not registered for synchronization because synchronization is not active
JDBC Connection [HikariProxyConnection@1633375360 wrapping com.mysql.cj.jdbc.ConnectionImpl@11e9ac24] will not be managed by Spring
==>  Preparing: INSERT INTO chapter ( book_id, chapter_num, chapter_name, content, word_count, status, create_time, update_time ) VALUES ( ?, ?, ?, ?, ?, ?, ?, ? )
==> Parameters: 8(Long), 8(Integer), 第八章 结局(String), 夕阳西下，一切归于平静。然而，新的故事正在远方悄然开始。(String), 28(Integer), 1(Integer), 2026-05-08T10:57:36.371500(LocalDateTime), 2026-05-08T10:57:36.371592(LocalDateTime)
<==    Updates: 1
Closing non transactional SqlSession [org.apache.ibatis.session.defaults.DefaultSqlSession@1192c925]
Creating a new SqlSession
SqlSession [org.apache.ibatis.session.defaults.DefaultSqlSession@6537ac] was not registered for synchronization because synchronization is not active
JDBC Connection [HikariProxyConnection@992054388 wrapping com.mysql.cj.jdbc.ConnectionImpl@11e9ac24] will not be managed by Spring
==>  Preparing: UPDATE book SET last_chapter_id=?,last_chapter_name=? WHERE (id = ?)
==> Parameters: 1645(Long), 第八章 结局(String), 8(Long)
<==    Updates: 1
Closing non transactional SqlSession [org.apache.ibatis.session.defaults.DefaultSqlSession@6537ac]
Creating a new SqlSession
SqlSession [org.apache.ibatis.session.defaults.DefaultSqlSession@42c54bad] was not registered for synchronization because synchronization is not active
JDBC Connection [HikariProxyConnection@1807010830 wrapping com.mysql.cj.jdbc.ConnectionImpl@11e9ac24] will not be managed by Spring
==>  Preparing: INSERT INTO chapter ( book_id, chapter_num, chapter_name, content, word_count, status, create_time, update_time ) VALUES ( ?, ?, ?, ?, ?, ?, ?, ? )
==> Parameters: 9(Long), 1(Integer), 第一章 序幕(String), 当第一缕晨光穿透云层，主人公踏上了未知的旅程。前路漫漫，吉凶未卜。(String), 33(Integer), 1(Integer), 2026-05-08T10:57:36.569046(LocalDateTime), 2026-05-08T10:57:36.569374(LocalDateTime)
<==    Updates: 1
Closing non transactional SqlSession [org.apache.ibatis.session.defaults.DefaultSqlSession@42c54bad]
Creating a new SqlSession
SqlSession [org.apache.ibatis.session.defaults.DefaultSqlSession@46cf8c07] was not registered for synchronization because synchronization is not active
JDBC Connection [HikariProxyConnection@190245996 wrapping com.mysql.cj.jdbc.ConnectionImpl@11e9ac24] will not be managed by Spring
==>  Preparing: INSERT INTO chapter ( book_id, chapter_num, chapter_name, content, word_count, status, create_time, update_time ) VALUES ( ?, ?, ?, ?, ?, ?, ?, ? )
==> Parameters: 9(Long), 2(Integer), 第二章 初遇(String), 命运的安排让两人相遇在那个难忘的时刻。红楼梦的故事，从此翻开了新的篇章。(String), 36(Integer), 1(Integer), 2026-05-08T10:57:36.660136(LocalDateTime), 2026-05-08T10:57:36.660247(LocalDateTime)
<==    Updates: 1
Closing non transactional SqlSession [org.apache.ibatis.session.defaults.DefaultSqlSession@46cf8c07]
Creating a new SqlSession
SqlSession [org.apache.ibatis.session.defaults.DefaultSqlSession@375084c9] was not registered for synchronization because synchronization is not active
JDBC Connection [HikariProxyConnection@198785987 wrapping com.mysql.cj.jdbc.ConnectionImpl@11e9ac24] will not be managed by Spring
==>  Preparing: INSERT INTO chapter ( book_id, chapter_num, chapter_name, content, word_count, status, create_time, update_time ) VALUES ( ?, ?, ?, ?, ?, ?, ?, ? )
==> Parameters: 9(Long), 3(Integer), 第三章 转折(String), 平静的表面下暗流涌动，一个意外的发现揭开了尘封的秘密。红楼梦的世界开始动摇。(String), 38(Integer), 1(Integer), 2026-05-08T10:57:36.777312(LocalDateTime), 2026-05-08T10:57:36.777392(LocalDateTime)
<==    Updates: 1
Closing non transactional SqlSession [org.apache.ibatis.session.defaults.DefaultSqlSession@375084c9]
Creating a new SqlSession
SqlSession [org.apache.ibatis.session.defaults.DefaultSqlSession@7a814310] was not registered for synchronization because synchronization is not active
JDBC Connection [HikariProxyConnection@1270823096 wrapping com.mysql.cj.jdbc.ConnectionImpl@11e9ac24] will not be managed by Spring
==>  Preparing: INSERT INTO chapter ( book_id, chapter_num, chapter_name, content, word_count, status, create_time, update_time ) VALUES ( ?, ?, ?, ?, ?, ?, ?, ? )
==> Parameters: 9(Long), 4(Integer), 第四章 危机(String), 危机突如其来，考验着每个人的意志与信念。在红楼梦的关键时刻，谁能挺身而出？(String), 37(Integer), 1(Integer), 2026-05-08T10:57:36.905423(LocalDateTime), 2026-05-08T10:57:36.905523(LocalDateTime)
<==    Updates: 1
Closing non transactional SqlSession [org.apache.ibatis.session.defaults.DefaultSqlSession@7a814310]
Creating a new SqlSession
SqlSession [org.apache.ibatis.session.defaults.DefaultSqlSession@25567581] was not registered for synchronization because synchronization is not active
JDBC Connection [HikariProxyConnection@396288875 wrapping com.mysql.cj.jdbc.ConnectionImpl@11e9ac24] will not be managed by Spring
==>  Preparing: INSERT INTO chapter ( book_id, chapter_num, chapter_name, content, word_count, status, create_time, update_time ) VALUES ( ?, ?, ?, ?, ?, ?, ?, ? )
==> Parameters: 9(Long), 5(Integer), 第五章 真相(String), 当所有线索串联起来，一个令人震惊的真相展现在世人面前。(String), 27(Integer), 1(Integer), 2026-05-08T10:57:36.994738(LocalDateTime), 2026-05-08T10:57:36.994784(LocalDateTime)
<==    Updates: 1
Closing non transactional SqlSession [org.apache.ibatis.session.defaults.DefaultSqlSession@25567581]
Creating a new SqlSession
SqlSession [org.apache.ibatis.session.defaults.DefaultSqlSession@5da6b13d] was not registered for synchronization because synchronization is not active
JDBC Connection [HikariProxyConnection@1036227673 wrapping com.mysql.cj.jdbc.ConnectionImpl@11e9ac24] will not be managed by Spring
==>  Preparing: UPDATE book SET last_chapter_id=?,last_chapter_name=? WHERE (id = ?)
==> Parameters: 1650(Long), 第五章 真相(String), 9(Long)
<==    Updates: 1
Closing non transactional SqlSession [org.apache.ibatis.session.defaults.DefaultSqlSession@5da6b13d]
Creating a new SqlSession
SqlSession [org.apache.ibatis.session.defaults.DefaultSqlSession@71bb8b34] was not registered for synchronization because synchronization is not active
JDBC Connection [HikariProxyConnection@427615079 wrapping com.mysql.cj.jdbc.ConnectionImpl@11e9ac24] will not be managed by Spring
==>  Preparing: INSERT INTO chapter ( book_id, chapter_num, chapter_name, content, word_count, status, create_time, update_time ) VALUES ( ?, ?, ?, ?, ?, ?, ?, ? )
==> Parameters: 10(Long), 1(Integer), 第一章 序幕(String), 故事始于一个平凡的日子，但命运的齿轮已经开始转动。傲慢与偏见的世界即将迎来翻天覆地的变化。(String), 45(Integer), 1(Integer), 2026-05-08T10:57:37.168366(LocalDateTime), 2026-05-08T10:57:37.168410(LocalDateTime)
<==    Updates: 1
Closing non transactional SqlSession [org.apache.ibatis.session.defaults.DefaultSqlSession@71bb8b34]
Creating a new SqlSession
SqlSession [org.apache.ibatis.session.defaults.DefaultSqlSession@48ccbb32] was not registered for synchronization because synchronization is not active
JDBC Connection [HikariProxyConnection@1750956965 wrapping com.mysql.cj.jdbc.ConnectionImpl@11e9ac24] will not be managed by Spring
==>  Preparing: INSERT INTO chapter ( book_id, chapter_num, chapter_name, content, word_count, status, create_time, update_time ) VALUES ( ?, ?, ?, ?, ?, ?, ?, ? )
==> Parameters: 10(Long), 2(Integer), 第二章 初遇(String), 初次相见的瞬间，时间仿佛静止。没有人知道，这次相遇将改变一切。(String), 31(Integer), 1(Integer), 2026-05-08T10:57:37.266197(LocalDateTime), 2026-05-08T10:57:37.266238(LocalDateTime)
<==    Updates: 1
Closing non transactional SqlSession [org.apache.ibatis.session.defaults.DefaultSqlSession@48ccbb32]
Creating a new SqlSession
SqlSession [org.apache.ibatis.session.defaults.DefaultSqlSession@4ae280da] was not registered for synchronization because synchronization is not active
JDBC Connection [HikariProxyConnection@1993403607 wrapping com.mysql.cj.jdbc.ConnectionImpl@11e9ac24] will not be managed by Spring
==>  Preparing: INSERT INTO chapter ( book_id, chapter_num, chapter_name, content, word_count, status, create_time, update_time ) VALUES ( ?, ?, ?, ?, ?, ?, ?, ? )
==> Parameters: 10(Long), 3(Integer), 第三章 转折(String), 平静的表面下暗流涌动，一个意外的发现揭开了尘封的秘密。傲慢与偏见的世界开始动摇。(String), 40(Integer), 1(Integer), 2026-05-08T10:57:37.361428(LocalDateTime), 2026-05-08T10:57:37.361540(LocalDateTime)
<==    Updates: 1
Closing non transactional SqlSession [org.apache.ibatis.session.defaults.DefaultSqlSession@4ae280da]
Creating a new SqlSession
SqlSession [org.apache.ibatis.session.defaults.DefaultSqlSession@446b64b3] was not registered for synchronization because synchronization is not active
JDBC Connection [HikariProxyConnection@900505277 wrapping com.mysql.cj.jdbc.ConnectionImpl@11e9ac24] will not be managed by Spring
==>  Preparing: INSERT INTO chapter ( book_id, chapter_num, chapter_name, content, word_count, status, create_time, update_time ) VALUES ( ?, ?, ?, ?, ?, ?, ?, ? )
==> Parameters: 10(Long), 4(Integer), 第四章 危机(String), 风暴来临，黑云压城。是屈服还是反抗？答案将决定所有人的命运。(String), 30(Integer), 1(Integer), 2026-05-08T10:57:37.456837(LocalDateTime), 2026-05-08T10:57:37.457023(LocalDateTime)
<==    Updates: 1
Closing non transactional SqlSession [org.apache.ibatis.session.defaults.DefaultSqlSession@446b64b3]
Creating a new SqlSession
SqlSession [org.apache.ibatis.session.defaults.DefaultSqlSession@5dcf0772] was not registered for synchronization because synchronization is not active
JDBC Connection [HikariProxyConnection@205988608 wrapping com.mysql.cj.jdbc.ConnectionImpl@11e9ac24] will not be managed by Spring
==>  Preparing: INSERT INTO chapter ( book_id, chapter_num, chapter_name, content, word_count, status, create_time, update_time ) VALUES ( ?, ?, ?, ?, ?, ?, ?, ? )
==> Parameters: 10(Long), 5(Integer), 第五章 真相(String), 当所有线索串联起来，一个令人震惊的真相展现在世人面前。(String), 27(Integer), 1(Integer), 2026-05-08T10:57:37.580388(LocalDateTime), 2026-05-08T10:57:37.580484(LocalDateTime)
<==    Updates: 1
Closing non transactional SqlSession [org.apache.ibatis.session.defaults.DefaultSqlSession@5dcf0772]
Creating a new SqlSession
SqlSession [org.apache.ibatis.session.defaults.DefaultSqlSession@4df7d9ee] was not registered for synchronization because synchronization is not active
JDBC Connection [HikariProxyConnection@2015210611 wrapping com.mysql.cj.jdbc.ConnectionImpl@11e9ac24] will not be managed by Spring
==>  Preparing: INSERT INTO chapter ( book_id, chapter_num, chapter_name, content, word_count, status, create_time, update_time ) VALUES ( ?, ?, ?, ?, ?, ?, ?, ? )
[...]
<==        Row: 34, 大卫·科波菲尔, 3, 3, 查尔斯·狄更斯, null, <<BLOB>>, 1850-05-01, 340000, 9.0, 1, 3500000, 820000, 1267, 第六章 真相浮现, 2026-05-08 10:54:43, 2026-05-08 02:54:44
<==      Total: 1
Closing non transactional SqlSession [org.apache.ibatis.session.defaults.DefaultSqlSession@42474b18]
Creating a new SqlSession
SqlSession [org.apache.ibatis.session.defaults.DefaultSqlSession@2212e291] was not registered for synchronization because synchronization is not active
JDBC Connection [HikariProxyConnection@1526030912 wrapping com.mysql.cj.jdbc.ConnectionImpl@11e9ac24] will not be managed by Spring
==>  Preparing: SELECT id,book_id,chapter_num,chapter_name,content,word_count,status,create_time,update_time FROM chapter WHERE (book_id = ?)
==> Parameters: 34(Long)
<==      Total: 0
Closing non transactional SqlSession [org.apache.ibatis.session.defaults.DefaultSqlSession@2212e291]
✓ 大卫·科波菲尔 - 章节数: 0
]]></system-out>
  </testcase>
  <testcase name="testCategoryDistribution" classname="com.novel.service.DataVerificationTest" time="0.098">
    <system-out><![CDATA[Creating a new SqlSession
SqlSession [org.apache.ibatis.session.defaults.DefaultSqlSession@51dbed72] was not registered for synchronization because synchronization is not active
JDBC Connection [HikariProxyConnection@1692965810 wrapping com.mysql.cj.jdbc.ConnectionImpl@11e9ac24] will not be managed by Spring
==>  Preparing: SELECT id,book_name,category_id,author_id,author_name,cover,description,publication_date,total_words,rating,status,visit_count,favorite_count,last_chapter_id,last_chapter_name,create_time,update_time FROM book
==> Parameters: 
<==    Columns: id, book_name, category_id, author_id, author_name, cover, description, publication_date, total_words, rating, status, visit_count, favorite_count, last_chapter_id, last_chapter_name, create_time, update_time
<==        Row: 1, 指环王, 1, 3, J.R.R.托尔金, null, <<BLOB>>, 1954-07-29, 450000, 9.2, 1, 5000000, 1200000, 1596, 第八章 结局, 2026-03-30 09:08:49, 2026-03-30 09:08:49
<==        Row: 2, 哈利波特与魔法石, 1, 3, J.K.罗琳, null, <<BLOB>>, 1997-06-26, 76000, 9.0, 1, 4500000, 980000, 1603, 第七章 高潮, 2026-03-30 09:08:49, 2026-03-30 09:08:49
<==        Row: 3, 纳尼亚传奇, 1, 21, C.S.刘易斯, null, <<BLOB>>, 1950-10-16, 350000, 8.8, 1, 3200000, 750000, 1611, 第八章 结局, 2026-03-30 09:37:15, 2026-05-04 10:54:59
<==        Row: 4, 冰与火之歌, 1, 22, 乔治·R·R·马丁, null, <<BLOB>>, 1996-08-06, 2980000, 9.3, 0, 6800000, 1500000, 1619, 第八章 结局, 2026-03-30 09:37:15, 2026-05-04 10:57:37
<==        Row: 5, 西游记, 2, 23, 吴承恩, null, <<BLOB>>, 1592-01-01, 860000, 9.5, 1, 8000000, 2000000, 1625, 第六章 抉择, 2026-03-30 09:37:15, 2026-03-30 09:37:15
<==        Row: 6, 三国演义, 2, 24, 罗贯中, null, <<BLOB>>, 1494-01-01, 730000, 9.4, 1, 7500000, 1800000, 1632, 第七章 高潮, 2026-03-30 09:37:15, 2026-05-08 01:57:43
<==        Row: 7, 水浒传, 2, 25, 施耐庵, null, <<BLOB>>, 1419-01-01, 960000, 9.3, 1, 6800000, 1600000, 1637, 第五章 真相, 2026-03-30 09:37:15, 2026-05-08 01:48:54
<==        Row: 8, 射雕英雄传, 2, 21, 金庸, null, <<BLOB>>, 1957-01-01, 600000, 9.2, 1, 5200000, 1100000, 1645, 第八章 结局, 2026-03-30 09:37:15, 2026-05-04 13:24:16
<==        Row: 9, 红楼梦, 6, 22, 曹雪芹, null, <<BLOB>>, 1791-01-01, 730000, 9.6, 1, 9000000, 2500000, 1650, 第五章 真相, 2026-03-30 09:37:15, 2026-03-30 09:37:15
<==        Row: 10, 傲慢与偏见, 7, 23, 简·奥斯汀, null, <<BLOB>>, 1813-01-28, 130000, 8.9, 1, 3500000, 890000, 1657, 第七章 高潮, 2026-03-30 09:37:15, 2026-03-30 09:37:15
<==        Row: 11, 飘, 7, 24, 玛格丽特·米切尔, null, <<BLOB>>, 1936-06-30, 418000, 9.1, 1, 4200000, 950000, 1662, 第五章 真相, 2026-03-30 09:37:15, 2026-03-30 09:37:15
<==        Row: 12, 乱世佳人, 7, 25, 玛格丽特·米切尔, null, <<BLOB>>, 1936-06-30, 418000, 9.0, 1, 3800000, 820000, 1668, 第六章 抉择, 2026-03-30 09:37:15, 2026-03-30 09:37:15
<==        Row: 13, 1984, 4, 21, 乔治·奥威尔, null, <<BLOB>>, 1949-06-08, 120000, 9.4, 1, 5800000, 1300000, 1674, 第六章 抉择, 2026-03-30 09:37:15, 2026-05-08 01:28:37
<==        Row: 14, 海底两万里, 4, 22, 儒勒·凡尔纳, null, <<BLOB>>, 1870-01-01, 190000, 8.7, 1, 3600000, 780000, 1679, 第五章 真相, 2026-03-30 09:37:15, 2026-03-30 09:37:15
<==        Row: 15, 三体, 4, 23, 刘慈欣, null, <<BLOB>>, 2008-01-01, 360000, 9.5, 1, 7200000, 1800000, 1685, 第六章 抉择, 2026-03-30 09:37:15, 2026-03-30 09:37:15
<==        Row: 16, 时间机器, 4, 24, H.G.威尔斯, null, <<BLOB>>, 1895-01-01, 52000, 8.5, 1, 2800000, 620000, 1690, 第五章 真相, 2026-03-30 09:37:15, 2026-05-04 10:57:48
<==        Row: 17, 战争与和平, 5, 25, 列夫·托尔斯泰, null, <<BLOB>>, 1869-01-01, 587000, 9.3, 1, 4500000, 1100000, 1697, 第七章 高潮, 2026-03-30 09:37:15, 2026-03-30 09:37:15
<==        Row: 18, 史记, 5, 21, 司马迁, null, <<BLOB>>, 0091-01-01, 526500, 9.7, 1, 3200000, 950000, 1704, 第七章 高潮, 2026-03-30 09:37:15, 2026-05-04 10:54:56
<==        Row: 19, 资治通鉴, 5, 22, 司马光, null, <<BLOB>>, 1084-01-01, 3000000, 9.5, 1, 2800000, 780000, 1710, 第六章 抉择, 2026-03-30 09:37:15, 2026-03-30 09:37:15
<==        Row: 20, 钢铁是怎样炼成的, 5, 23, 尼古拉·奥斯特洛夫斯基, null, <<BLOB>>, 1933-01-01, 300000, 8.8, 1, 3900000, 860000, 1717, 第七章 高潮, 2026-03-30 09:37:15, 2026-03-30 09:37:15
<==        Row: 21, 呼啸山庄, 6, 24, 艾米莉·勃朗特, null, <<BLOB>>, 1847-12-14, 140000, 8.9, 1, 2600000, 650000, 1722, 第五章 真相, 2026-03-30 09:37:15, 2026-03-30 09:37:15
<==        Row: 22, 茶花女, 6, 25, 亚历山大·小仲马, null, <<BLOB>>, 1848-01-01, 90000, 8.6, 1, 3100000, 720000, 1730, 第八章 结局, 2026-03-30 09:37:15, 2026-03-30 09:37:15
<==        Row: 23, 悲惨世界, 3, 3, 维克多·雨果, null, <<BLOB>>, 1862-01-01, 650000, 9.4, 1, 5100000, 1200000, 1738, 第八章 结局, 2026-05-08 10:21:55, 2026-05-08 02:21:56
<==        Row: 24, 巴黎圣母院, 3, 3, 维克多·雨果, null, <<BLOB>>, 1831-01-16, 300000, 9.0, 1, 4200000, 980000, 1746, 第八章 结局, 2026-05-08 10:21:55, 2026-05-08 02:21:56
<==        Row: 25, 鲁宾逊漂流记, 8, 3, 丹尼尔·笛福, null, <<BLOB>>, 1719-04-25, 120000, 8.7, 1, 3200000, 760000, 1206, 第五章 一线生机, 2026-05-08 10:54:34, 2026-05-08 02:54:35
<==        Row: 26, 格列佛游记, 3, 3, 乔纳森·斯威夫特, null, <<BLOB>>, 1726-01-28, 102000, 8.6, 1, 2800000, 680000, 1213, 第七章 艰难抉择, 2026-05-08 10:54:35, 2026-05-08 02:54:35
<==        Row: 27, 汤姆·索亚历险记, 6, 3, 马克·吐温, null, <<BLOB>>, 1876-04-21, 75000, 8.5, 1, 2500000, 620000, 1221, 第八章 光明再现, 2026-05-08 10:54:36, 2026-05-08 02:54:36
<==        Row: 28, 金银岛, 7, 3, 罗伯特·路易斯·史蒂文森, null, <<BLOB>>, 1883-11-14, 90000, 8.4, 1, 2300000, 580000, 1226, 第五章 一线生机, 2026-05-08 10:54:37, 2026-05-08 02:54:37
<==        Row: 29, 爱的教育, 1, 3, 埃迪蒙托·德·亚米契斯, null, <<BLOB>>, 1886-10-18, 85000, 8.8, 1, 2100000, 520000, 1233, 第七章 艰难抉择, 2026-05-08 10:54:37, 2026-05-08 02:54:38
<==        Row: 30, 童年, 2, 3, 马克西姆·高尔基, null, <<BLOB>>, 1913-01-01, 140000, 8.9, 1, 2800000, 650000, 1239, 第六章 真相浮现, 2026-05-08 10:54:39, 2026-05-08 02:54:39
<==        Row: 31, 在人间, 4, 3, 马克西姆·高尔基, null, <<BLOB>>, 1916-01-01, 135000, 8.8, 1, 2400000, 590000, 1245, 第六章 真相浮现, 2026-05-08 10:54:40, 2026-05-08 02:54:40
<==        Row: 32, 我的大学, 5, 3, 马克西姆·高尔基, null, <<BLOB>>, 1923-01-01, 125000, 8.7, 1, 2200000, 540000, 1253, 第八章 光明再现, 2026-05-08 10:54:41, 2026-05-08 02:54:41
<==        Row: 33, 雾都孤儿, 8, 3, 查尔斯·狄更斯, null, <<BLOB>>, 1838-02-19, 160000, 8.8, 1, 3100000, 730000, 1261, 第八章 光明再现, 2026-05-08 10:54:42, 2026-05-08 02:54:43
<==        Row: 34, 大卫·科波菲尔, 3, 3, 查尔斯·狄更斯, null, <<BLOB>>, 1850-05-01, 340000, 9.0, 1, 3500000, 820000, 1267, 第六章 真相浮现, 2026-05-08 10:54:43, 2026-05-08 02:54:44
<==      Total: 34
Closing non transactional SqlSession [org.apache.ibatis.session.defaults.DefaultSqlSession@51dbed72]
Creating a new SqlSession
SqlSession [org.apache.ibatis.session.defaults.DefaultSqlSession@10830d50] was not registered for synchronization because synchronization is not active
JDBC Connection [HikariProxyConnection@507363919 wrapping com.mysql.cj.jdbc.ConnectionImpl@11e9ac24] will not be managed by Spring
==>  Preparing: SELECT id,name,work_direction,sort,create_time FROM category
==> Parameters: 
<==    Columns: id, name, work_direction, sort, create_time
<==        Row: 1, 奇幻文学, 0, 1, 2026-03-30 09:08:46
<==        Row: 2, 武侠经典, 0, 2, 2026-03-30 09:08:46
<==        Row: 3, 都市文学, 0, 3, 2026-03-30 09:08:46
<==        Row: 4, 科幻文学, 0, 4, 2026-03-30 09:08:46
<==        Row: 5, 历史文学, 0, 5, 2026-03-30 09:08:46
<==        Row: 6, 古典文学, 1, 1, 2026-03-30 09:08:46
<==        Row: 7, 现代文学, 1, 2, 2026-03-30 09:08:46
<==        Row: 8, 幻想文学, 1, 3, 2026-03-30 09:08:46
<==      Total: 8
Closing non transactional SqlSession [org.apache.ibatis.session.defaults.DefaultSqlSession@10830d50]

=== 各分类书籍分布 ===
分类[1] 奇幻文学: 5 本
分类[2] 武侠经典: 5 本
分类[3] 都市文学: 4 本
分类[4] 科幻文学: 5 本
分类[5] 历史文学: 5 本
分类[6] 古典文学: 4 本
分类[7] 现代文学: 4 本
分类[8] 幻想文学: 2 本
]]></system-out>
  </testcase>
  <testcase name="testNewBooks" classname="com.novel.service.DataVerificationTest" time="0.499">
    <system-out><![CDATA[
=== 新增书籍验证 ===
Creating a new SqlSession
SqlSession [org.apache.ibatis.session.defaults.DefaultSqlSession@59aa1d1c] was not registered for synchronization because synchronization is not active
JDBC Connection [HikariProxyConnection@379407034 wrapping com.mysql.cj.jdbc.ConnectionImpl@11e9ac24] will not be managed by Spring
==>  Preparing: SELECT id,book_name,category_id,author_id,author_name,cover,description,publication_date,total_words,rating,status,visit_count,favorite_count,last_chapter_id,last_chapter_name,create_time,update_time FROM book WHERE (book_name = ?)
==> Parameters: 鲁宾逊漂流记(String)
<==    Columns: id, book_name, category_id, author_id, author_name, cover, description, publication_date, total_words, rating, status, visit_count, favorite_count, last_chapter_id, last_chapter_name, create_time, update_time
<==        Row: 25, 鲁宾逊漂流记, 8, 3, 丹尼尔·笛福, null, <<BLOB>>, 1719-04-25, 120000, 8.7, 1, 3200000, 760000, 1206, 第五章 一线生机, 2026-05-08 10:54:34, 2026-05-08 02:54:35
<==      Total: 1
Closing non transactional SqlSession [org.apache.ibatis.session.defaults.DefaultSqlSession@59aa1d1c]
✓ 鲁宾逊漂流记 - 分类ID: 8, ID: 25
Creating a new SqlSession
SqlSession [org.apache.ibatis.session.defaults.DefaultSqlSession@6ba226cd] was not registered for synchronization because synchronization is not active
JDBC Connection [HikariProxyConnection@1659475032 wrapping com.mysql.cj.jdbc.ConnectionImpl@11e9ac24] will not be managed by Spring
==>  Preparing: SELECT id,book_name,category_id,author_id,author_name,cover,description,publication_date,total_words,rating,status,visit_count,favorite_count,last_chapter_id,last_chapter_name,create_time,update_time FROM book WHERE (book_name = ?)
==> Parameters: 格列佛游记(String)
<==    Columns: id, book_name, category_id, author_id, author_name, cover, description, publication_date, total_words, rating, status, visit_count, favorite_count, last_chapter_id, last_chapter_name, create_time, update_time
<==        Row: 26, 格列佛游记, 3, 3, 乔纳森·斯威夫特, null, <<BLOB>>, 1726-01-28, 102000, 8.6, 1, 2800000, 680000, 1213, 第七章 艰难抉择, 2026-05-08 10:54:35, 2026-05-08 02:54:35
<==      Total: 1
Closing non transactional SqlSession [org.apache.ibatis.session.defaults.DefaultSqlSession@6ba226cd]
✓ 格列佛游记 - 分类ID: 3, ID: 26
Creating a new SqlSession
SqlSession [org.apache.ibatis.session.defaults.DefaultSqlSession@22f057b4] was not registered for synchronization because synchronization is not active
JDBC Connection [HikariProxyConnection@1478396265 wrapping com.mysql.cj.jdbc.ConnectionImpl@11e9ac24] will not be managed by Spring
==>  Preparing: SELECT id,book_name,category_id,author_id,author_name,cover,description,publication_date,total_words,rating,status,visit_count,favorite_count,last_chapter_id,last_chapter_name,create_time,update_time FROM book WHERE (book_name = ?)
==> Parameters: 汤姆·索亚历险记(String)
<==    Columns: id, book_name, category_id, author_id, author_name, cover, description, publication_date, total_words, rating, status, visit_count, favorite_count, last_chapter_id, last_chapter_name, create_time, update_time
<==        Row: 27, 汤姆·索亚历险记, 6, 3, 马克·吐温, null, <<BLOB>>, 1876-04-21, 75000, 8.5, 1, 2500000, 620000, 1221, 第八章 光明再现, 2026-05-08 10:54:36, 2026-05-08 02:54:36
<==      Total: 1
Closing non transactional SqlSession [org.apache.ibatis.session.defaults.DefaultSqlSession@22f057b4]
✓ 汤姆·索亚历险记 - 分类ID: 6, ID: 27
Creating a new SqlSession
SqlSession [org.apache.ibatis.session.defaults.DefaultSqlSession@687fd6e] was not registered for synchronization because synchronization is not active
JDBC Connection [HikariProxyConnection@644499453 wrapping com.mysql.cj.jdbc.ConnectionImpl@11e9ac24] will not be managed by Spring
==>  Preparing: SELECT id,book_name,category_id,author_id,author_name,cover,description,publication_date,total_words,rating,status,visit_count,favorite_count,last_chapter_id,last_chapter_name,create_time,update_time FROM book WHERE (book_name = ?)
==> Parameters: 金银岛(String)
<==    Columns: id, book_name, category_id, author_id, author_name, cover, description, publication_date, total_words, rating, status, visit_count, favorite_count, last_chapter_id, last_chapter_name, create_time, update_time
<==        Row: 28, 金银岛, 7, 3, 罗伯特·路易斯·史蒂文森, null, <<BLOB>>, 1883-11-14, 90000, 8.4, 1, 2300000, 580000, 1226, 第五章 一线生机, 2026-05-08 10:54:37, 2026-05-08 02:54:37
<==      Total: 1
Closing non transactional SqlSession [org.apache.ibatis.session.defaults.DefaultSqlSession@687fd6e]
✓ 金银岛 - 分类ID: 7, ID: 28
Creating a new SqlSession
SqlSession [org.apache.ibatis.session.defaults.DefaultSqlSession@20a9fb01] was not registered for synchronization because synchronization is not active
JDBC Connection [HikariProxyConnection@435949303 wrapping com.mysql.cj.jdbc.ConnectionImpl@11e9ac24] will not be managed by Spring
==>  Preparing: SELECT id,book_name,category_id,author_id,author_name,cover,description,publication_date,total_words,rating,status,visit_count,favorite_count,last_chapter_id,last_chapter_name,create_time,update_time FROM book WHERE (book_name = ?)
==> Parameters: 爱的教育(String)
<==    Columns: id, book_name, category_id, author_id, author_name, cover, description, publication_date, total_words, rating, status, visit_count, favorite_count, last_chapter_id, last_chapter_name, create_time, update_time
<==        Row: 29, 爱的教育, 1, 3, 埃迪蒙托·德·亚米契斯, null, <<BLOB>>, 1886-10-18, 85000, 8.8, 1, 2100000, 520000, 1233, 第七章 艰难抉择, 2026-05-08 10:54:37, 2026-05-08 02:54:38
<==      Total: 1
Closing non transactional SqlSession [org.apache.ibatis.session.defaults.DefaultSqlSession@20a9fb01]
✓ 爱的教育 - 分类ID: 1, ID: 29
Creating a new SqlSession
SqlSession [org.apache.ibatis.session.defaults.DefaultSqlSession@796642ae] was not registered for synchronization because synchronization is not active
JDBC Connection [HikariProxyConnection@385408880 wrapping com.mysql.cj.jdbc.ConnectionImpl@11e9ac24] will not be managed by Spring
==>  Preparing: SELECT id,book_name,category_id,author_id,author_name,cover,description,publication_date,total_words,rating,status,visit_count,favorite_count,last_chapter_id,last_chapter_name,create_time,update_time FROM book WHERE (book_name = ?)
==> Parameters: 童年(String)
<==    Columns: id, book_name, category_id, author_id, author_name, cover, description, publication_date, total_words, rating, status, visit_count, favorite_count, last_chapter_id, last_chapter_name, create_time, update_time
<==        Row: 30, 童年, 2, 3, 马克西姆·高尔基, null, <<BLOB>>, 1913-01-01, 140000, 8.9, 1, 2800000, 650000, 1239, 第六章 真相浮现, 2026-05-08 10:54:39, 2026-05-08 02:54:39
<==      Total: 1
Closing non transactional SqlSession [org.apache.ibatis.session.defaults.DefaultSqlSession@796642ae]
✓ 童年 - 分类ID: 2, ID: 30
Creating a new SqlSession
SqlSession [org.apache.ibatis.session.defaults.DefaultSqlSession@2651e783] was not registered for synchronization because synchronization is not active
JDBC Connection [HikariProxyConnection@1988280166 wrapping com.mysql.cj.jdbc.ConnectionImpl@11e9ac24] will not be managed by Spring
==>  Preparing: SELECT id,book_name,category_id,author_id,author_name,cover,description,publication_date,total_words,rating,status,visit_count,favorite_count,last_chapter_id,last_chapter_name,create_time,update_time FROM book WHERE (book_name = ?)
==> Parameters: 在人间(String)
<==    Columns: id, book_name, category_id, author_id, author_name, cover, description, publication_date, total_words, rating, status, visit_count, favorite_count, last_chapter_id, last_chapter_name, create_time, update_time
<==        Row: 31, 在人间, 4, 3, 马克西姆·高尔基, null, <<BLOB>>, 1916-01-01, 135000, 8.8, 1, 2400000, 590000, 1245, 第六章 真相浮现, 2026-05-08 10:54:40, 2026-05-08 02:54:40
<==      Total: 1
Closing non transactional SqlSession [org.apache.ibatis.session.defaults.DefaultSqlSession@2651e783]
✓ 在人间 - 分类ID: 4, ID: 31
Creating a new SqlSession
SqlSession [org.apache.ibatis.session.defaults.DefaultSqlSession@6e23ba17] was not registered for synchronization because synchronization is not active
JDBC Connection [HikariProxyConnection@1206330799 wrapping com.mysql.cj.jdbc.ConnectionImpl@11e9ac24] will not be managed by Spring
==>  Preparing: SELECT id,book_name,category_id,author_id,author_name,cover,description,publication_date,total_words,rating,status,visit_count,favorite_count,last_chapter_id,last_chapter_name,create_time,update_time FROM book WHERE (book_name = ?)
==> Parameters: 我的大学(String)
<==    Columns: id, book_name, category_id, author_id, author_name, cover, description, publication_date, total_words, rating, status, visit_count, favorite_count, last_chapter_id, last_chapter_name, create_time, update_time
<==        Row: 32, 我的大学, 5, 3, 马克西姆·高尔基, null, <<BLOB>>, 1923-01-01, 125000, 8.7, 1, 2200000, 540000, 1253, 第八章 光明再现, 2026-05-08 10:54:41, 2026-05-08 02:54:41
<==      Total: 1
Closing non transactional SqlSession [org.apache.ibatis.session.defaults.DefaultSqlSession@6e23ba17]
✓ 我的大学 - 分类ID: 5, ID: 32
Creating a new SqlSession
SqlSession [org.apache.ibatis.session.defaults.DefaultSqlSession@535be281] was not registered for synchronization because synchronization is not active
JDBC Connection [HikariProxyConnection@551229951 wrapping com.mysql.cj.jdbc.ConnectionImpl@11e9ac24] will not be managed by Spring
==>  Preparing: SELECT id,book_name,category_id,author_id,author_name,cover,description,publication_date,total_words,rating,status,visit_count,favorite_count,last_chapter_id,last_chapter_name,create_time,update_time FROM book WHERE (book_name = ?)
==> Parameters: 雾都孤儿(String)
<==    Columns: id, book_name, category_id, author_id, author_name, cover, description, publication_date, total_words, rating, status, visit_count, favorite_count, last_chapter_id, last_chapter_name, create_time, update_time
<==        Row: 33, 雾都孤儿, 8, 3, 查尔斯·狄更斯, null, <<BLOB>>, 1838-02-19, 160000, 8.8, 1, 3100000, 730000, 1261, 第八章 光明再现, 2026-05-08 10:54:42, 2026-05-08 02:54:43
<==      Total: 1
Closing non transactional SqlSession [org.apache.ibatis.session.defaults.DefaultSqlSession@535be281]
✓ 雾都孤儿 - 分类ID: 8, ID: 33
Creating a new SqlSession
SqlSession [org.apache.ibatis.session.defaults.DefaultSqlSession@1405aa6a] was not registered for synchronization because synchronization is not active
JDBC Connection [HikariProxyConnection@415632769 wrapping com.mysql.cj.jdbc.ConnectionImpl@11e9ac24] will not be managed by Spring
==>  Preparing: SELECT id,book_name,category_id,author_id,author_name,cover,description,publication_date,total_words,rating,status,visit_count,favorite_count,last_chapter_id,last_chapter_name,create_time,update_time FROM book WHERE (book_name = ?)
==> Parameters: 大卫·科波菲尔(String)
<==    Columns: id, book_name, category_id, author_id, author_name, cover, description, publication_date, total_words, rating, status, visit_count, favorite_count, last_chapter_id, last_chapter_name, create_time, update_time
<==        Row: 34, 大卫·科波菲尔, 3, 3, 查尔斯·狄更斯, null, <<BLOB>>, 1850-05-01, 340000, 9.0, 1, 3500000, 820000, 1267, 第六章 真相浮现, 2026-05-08 10:54:43, 2026-05-08 02:54:44
<==      Total: 1
Closing non transactional SqlSession [org.apache.ibatis.session.defaults.DefaultSqlSession@1405aa6a]
✓ 大卫·科波菲尔 - 分类ID: 3, ID: 34
]]></system-out>
  </testcase>
</testsuite>